{"jsonrpc":"2.0","id":1,"error":{"code":-32000,"message":"replacement transaction underpriced"}}
{"jsonrpc":"2.0","id":1,"result":"0xe5f657e64164625b1a8ea2ac61f8f6ebfab5d757a8fc33b9b3cb14deebb4ccd5"}
{"jsonrpc":"2.0","id":1,"error":{"code":-32000,"message":"already known"}}

{"jsonrpc":"2.0","id":1,"result":null}
{"jsonrpc":"2.0","id":1,"result":null}
{"jsonrpc":"2.0","id":1,"result":null}
{"jsonrpc":"2.0","id":1,"result":null}
{"jsonrpc":"2.0","id":1,"error":{"code":-32000,"message":"replacement transaction underpriced"}}
{"jsonrpc":"2.0","id":1,"result":"0x4cf9f9c37424d9287edb61fe64065dfdbefa92e49c78eb5ed0716d844d668759"}
{"jsonrpc":"2.0","id":1,"result":null}
{"jsonrpc":"2.0","id":1,"result":null}
{"jsonrpc":"2.0","error":{"code":-32600,"message":"invalid json request"}}
{"jsonrpc":"2.0","id":1,"error":{"code":-32602,"message":"invalid argument 0: hex string has length 0, want 64 for common.Hash"}}
{"jsonrpc":"2.0","id":1,"error":{"code":-32602,"message":"invalid argument 0: json: cannot unmarshal hex string without 0x prefix into Go value of type common.Hash"}}
{"jsonrpc":"2.0","id":1,"error":{"code":-32000,"message":"replacement transaction underpriced"}}
{"jsonrpc":"2.0","id":1,"error":{"code":-32000,"message":"already known"}}
eth_sendRawTransaction: {"jsonrpc":"2.0","id":1,"error":{"code":-32000,"message":"already known"}}
eth_sendRawTransaction: {"jsonrpc":"2.0","id":1,"error":{"code":-32000,"message":"already known"}}
eth_sendRawTransaction: {"jsonrpc":"2.0","id":1,"result":"0x1525319be89daccbcd0df18849187c35af38295f13dc66a77a483e3d0e2448ad"}
eth_sendRawTransaction: {"jsonrpc":"2.0","id":1,"result":"0x1525319be89daccbcd0df18849187c35af38295f13dc66a77a483e3d0e2448ad"}
eth_sendRawTransaction: {"jsonrpc":"2.0","id":1,"error":{"code":-32000,"message":"already known"}}
eth_getTransactionReceipt: {"jsonrpc":"2.0","id":1,"result":null}
eth_sendRawTransaction: {"jsonrpc":"2.0","id":1,"error":{"code":-32000,"message":"insufficient funds for gas * price + value"}}
eth_getTransactionReceipt: {"jsonrpc":"2.0","id":1,"error":{"code":-32602,"message":"invalid argument 0: hex string has length 0, want 64 for common.Hash"}}
{"jsonrpc":"2.0","id":1,"error":{"code":-32000,"message":"insufficient funds for gas * price + value"}}
{"jsonrpc":"2.0","id":1,"error":{"code":-32602,"message":"invalid argument 0: hex string has length 0, want 64 for common.Hash"}}
{"jsonrpc":"2.0","id":1,"error":{"code":-32000,"message":"insufficient funds for gas * price + value"}}
{"jsonrpc":"2.0","id":1,"error":{"code":-32602,"message":"invalid argument 0: hex string has length 0, want 64 for common.Hash"}}
{"jsonrpc":"2.0","id":1,"result":"0xc74257ef31d93619b82e984660c9c7d05b713789cea24fb4a91e284752675993"}
{"jsonrpc":"2.0","id":1,"result":null}
