{"jsonrpc":"2.0","id":1,"error":{"code":-32000,"message":"replacement transaction underpriced"}}
{"jsonrpc":"2.0","id":1,"result":"0xe5f657e64164625b1a8ea2ac61f8f6ebfab5d757a8fc33b9b3cb14deebb4ccd5"}
{"jsonrpc":"2.0","id":1,"error":{"code":-32000,"message":"already known"}}

{"jsonrpc":"2.0","id":1,"result":null}
{"jsonrpc":"2.0","id":1,"result":null}
{"jsonrpc":"2.0","id":1,"result":null}
{"jsonrpc":"2.0","id":1,"result":null}
{"jsonrpc":"2.0","id":1,"error":{"code":-32000,"message":"replacement transaction underpriced"}}
{"jsonrpc":"2.0","id":1,"result":"0x4cf9f9c37424d9287edb61fe64065dfdbefa92e49c78eb5ed0716d844d668759"}
{"jsonrpc":"2.0","id":1,"result":null}
{"jsonrpc":"2.0","id":1,"result":null}
{"jsonrpc":"2.0","error":{"code":-32600,"message":"invalid json request"}}
{"jsonrpc":"2.0","id":1,"error":{"code":-32602,"message":"invalid argument 0: hex string has length 0, want 64 for common.Hash"}}
{"jsonrpc":"2.0","id":1,"error":{"code":-32602,"message":"invalid argument 0: json: cannot unmarshal hex string without 0x prefix into Go value of type common.Hash"}}
{"jsonrpc":"2.0","id":1,"error":{"code":-32000,"message":"replacement transaction underpriced"}}
{"jsonrpc":"2.0","id":1,"error":{"code":-32000,"message":"already known"}}
eth_sendRawTransaction: {"jsonrpc":"2.0","id":1,"error":{"code":-32000,"message":"already known"}}
eth_sendRawTransaction: {"jsonrpc":"2.0","id":1,"error":{"code":-32000,"message":"already known"}}
eth_sendRawTransaction: {"jsonrpc":"2.0","id":1,"result":"0x1525319be89daccbcd0df18849187c35af38295f13dc66a77a483e3d0e2448ad"}
eth_sendRawTransaction: {"jsonrpc":"2.0","id":1,"result":"0x1525319be89daccbcd0df18849187c35af38295f13dc66a77a483e3d0e2448ad"}
eth_sendRawTransaction: {"jsonrpc":"2.0","id":1,"error":{"code":-32000,"message":"already known"}}
eth_getTransactionReceipt: {"jsonrpc":"2.0","id":1,"result":null}
eth_sendRawTransaction: {"jsonrpc":"2.0","id":1,"error":{"code":-32000,"message":"insufficient funds for gas * price + value"}}
eth_getTransactionReceipt: {"jsonrpc":"2.0","id":1,"error":{"code":-32602,"message":"invalid argument 0: hex string has length 0, want 64 for common.Hash"}}
{"jsonrpc":"2.0","id":1,"error":{"code":-32000,"message":"insufficient funds for gas * price + value"}}
{"jsonrpc":"2.0","id":1,"error":{"code":-32602,"message":"invalid argument 0: hex string has length 0, want 64 for common.Hash"}}
{"jsonrpc":"2.0","id":1,"error":{"code":-32000,"message":"insufficient funds for gas * price + value"}}
{"jsonrpc":"2.0","id":1,"error":{"code":-32602,"message":"invalid argument 0: hex string has length 0, want 64 for common.Hash"}}
{"jsonrpc":"2.0","id":1,"result":"0xc74257ef31d93619b82e984660c9c7d05b713789cea24fb4a91e284752675993"}
{"jsonrpc":"2.0","id":1,"result":null}
{"jsonrpc":"2.0","id":1,"error":{"code":-32000,"message":"already known"}}
{"jsonrpc":"2.0","id":1,"error":{"code":-32000,"message":"already known"}}
{"jsonrpc":"2.0","id":1,"error":{"code":-32000,"message":"replacement transaction underpriced"}}
{"jsonrpc":"2.0","id":1,"error":{"code":-32000,"message":"insufficient funds for gas * price + value"}}
{"jsonrpc":"2.0","id":1,"error":{"code":-32000,"message":"insufficient funds for gas * price + value"}}
{"jsonrpc":"2.0","id":1,"result":"0x7d52c7c245454ca8c62e7ab28a4075851a075d50ddd1eb2b09ef7301d850d38a"}
{"jsonrpc":"2.0","id":1,"error":{"code":-32000,"message":"already known"}}
{"jsonrpc":"2.0","id":1,"error":{"code":-32000,"message":"already known"}}
{"jsonrpc":"2.0","id":1,"result":"0xeb80b552e9016f70fc38ad0981994e99eba385246eb762073189dc20e4e9b0df"}
{"jsonrpc":"2.0","id":1,"result":"0xeb80b552e9016f70fc38ad0981994e99eba385246eb762073189dc20e4e9b0df"}
{"jsonrpc":"2.0","id":1,"error":{"code":-32000,"message":"already known"}}
{"jsonrpc":"2.0","id":1,"result":null}
{"jsonrpc":"2.0","id":1,"error":{"code":-32000,"message":"already known"}}
{"jsonrpc":"2.0","id":1,"result":null}
{"jsonrpc":"2.0","id":1,"error":{"code":-32000,"message":"already known"}}
{"jsonrpc":"2.0","id":1,"result":null}
{"jsonrpc":"2.0","id":1,"result":"0xf68a90282744db7f576f7f9f74984e357b4454a99d484bb4e5ef2ee52044601d"}
{"jsonrpc":"2.0","id":1,"result":null}
{"jsonrpc":"2.0","id":1,"error":{"code":-32000,"message":"already known"}}
{"jsonrpc":"2.0","id":1,"result":null}
{"jsonrpc":"2.0","id":1,"error":{"code":-32000,"message":"already known"}}
{"jsonrpc":"2.0","id":1,"result":null}
{"jsonrpc":"2.0","id":1,"error":{"code":-32000,"message":"already known"}}
{"jsonrpc":"2.0","id":1,"result":null}
{"jsonrpc":"2.0","id":1,"error":{"code":-32000,"message":"already known"}}
{"jsonrpc":"2.0","id":1,"result":null}
{"jsonrpc":"2.0","id":1,"error":{"code":-32000,"message":"already known"}}
{"jsonrpc":"2.0","id":1,"result":null}
{"jsonrpc":"2.0","id":1,"error":{"code":-32000,"message":"already known"}}
{"jsonrpc":"2.0","id":1,"result":null}
{"jsonrpc":"2.0","id":1,"error":{"code":-32000,"message":"already known"}}
{"jsonrpc":"2.0","id":1,"result":null}
{"jsonrpc":"2.0","id":1,"error":{"code":-32000,"message":"already known"}}
{"jsonrpc":"2.0","id":1,"result":{"blockHash":"0x43bb2a3cf3e1b7a6599d348aedbdb3c21c8bd96ae09fa902673dc59ec7bb4394","blockNumber":"0xc3dc31","contractAddress":null,"cumulativeGasUsed":"0x19ec9","effectiveGasPrice":"0xd09dc30e","from":"0x02cc64973a38a82a446a9c4bf3c68c126ecf764d","gasUsed":"0x5260","logs":[],"logsBloom":"0x00000000000000000000000000000000000000000000000000000000000000000000000000000000000000000000000000000000000000000000000000000000000000000000000000000000000000000000000000000000000000000000000000000000000000000000000000000000000000000000000000000000000000000000000000000000000000000000000000000000000000000000000000000000000000000000000000000000000000000000000000000000000000000000000000000000000000000000000000000000000000000000000000000000000000000000000000000000000000000000000000000000000000000000000000000000","status":"0x1","to":"0x23a14e97a59779165bf83310a712b84f101c9140","transactionHash":"0xeb80b552e9016f70fc38ad0981994e99eba385246eb762073189dc20e4e9b0df","transactionIndex":"0x1","type":"0x0"}}
{"jsonrpc":"2.0","id":1,"error":{"code":-32000,"message":"already known"}}
{"jsonrpc":"2.0","id":1,"result":{"blockHash":"0x43bb2a3cf3e1b7a6599d348aedbdb3c21c8bd96ae09fa902673dc59ec7bb4394","blockNumber":"0xc3dc31","contractAddress":null,"cumulativeGasUsed":"0x19ec9","effectiveGasPrice":"0xd09dc30e","from":"0x02cc64973a38a82a446a9c4bf3c68c126ecf764d","gasUsed":"0x5260","logs":[],"logsBloom":"0x00000000000000000000000000000000000000000000000000000000000000000000000000000000000000000000000000000000000000000000000000000000000000000000000000000000000000000000000000000000000000000000000000000000000000000000000000000000000000000000000000000000000000000000000000000000000000000000000000000000000000000000000000000000000000000000000000000000000000000000000000000000000000000000000000000000000000000000000000000000000000000000000000000000000000000000000000000000000000000000000000000000000000000000000000000000","status":"0x1","to":"0x23a14e97a59779165bf83310a712b84f101c9140","transactionHash":"0xeb80b552e9016f70fc38ad0981994e99eba385246eb762073189dc20e4e9b0df","transactionIndex":"0x1","type":"0x0"}}
{"jsonrpc":"2.0","id":1,"error":{"code":-32000,"message":"already known"}}
{"jsonrpc":"2.0","id":1,"result":{"blockHash":"0x43bb2a3cf3e1b7a6599d348aedbdb3c21c8bd96ae09fa902673dc59ec7bb4394","blockNumber":"0xc3dc31","contractAddress":null,"cumulativeGasUsed":"0x19ec9","effectiveGasPrice":"0xd09dc30e","from":"0x02cc64973a38a82a446a9c4bf3c68c126ecf764d","gasUsed":"0x5260","logs":[],"logsBloom":"0x00000000000000000000000000000000000000000000000000000000000000000000000000000000000000000000000000000000000000000000000000000000000000000000000000000000000000000000000000000000000000000000000000000000000000000000000000000000000000000000000000000000000000000000000000000000000000000000000000000000000000000000000000000000000000000000000000000000000000000000000000000000000000000000000000000000000000000000000000000000000000000000000000000000000000000000000000000000000000000000000000000000000000000000000000000000","status":"0x1","to":"0x23a14e97a59779165bf83310a712b84f101c9140","transactionHash":"0xeb80b552e9016f70fc38ad0981994e99eba385246eb762073189dc20e4e9b0df","transactionIndex":"0x1","type":"0x0"}}
{"jsonrpc":"2.0","id":1,"error":{"code":-32000,"message":"already known"}}
{"jsonrpc":"2.0","id":1,"result":{"blockHash":"0x43bb2a3cf3e1b7a6599d348aedbdb3c21c8bd96ae09fa902673dc59ec7bb4394","blockNumber":"0xc3dc31","contractAddress":null,"cumulativeGasUsed":"0x19ec9","effectiveGasPrice":"0xd09dc30e","from":"0x02cc64973a38a82a446a9c4bf3c68c126ecf764d","gasUsed":"0x5260","logs":[],"logsBloom":"0x00000000000000000000000000000000000000000000000000000000000000000000000000000000000000000000000000000000000000000000000000000000000000000000000000000000000000000000000000000000000000000000000000000000000000000000000000000000000000000000000000000000000000000000000000000000000000000000000000000000000000000000000000000000000000000000000000000000000000000000000000000000000000000000000000000000000000000000000000000000000000000000000000000000000000000000000000000000000000000000000000000000000000000000000000000000","status":"0x1","to":"0x23a14e97a59779165bf83310a712b84f101c9140","transactionHash":"0xeb80b552e9016f70fc38ad0981994e99eba385246eb762073189dc20e4e9b0df","transactionIndex":"0x1","type":"0x0"}}
{"jsonrpc":"2.0","id":1,"error":{"code":-32000,"message":"already known"}}
{"jsonrpc":"2.0","id":1,"result":{"blockHash":"0x43bb2a3cf3e1b7a6599d348aedbdb3c21c8bd96ae09fa902673dc59ec7bb4394","blockNumber":"0xc3dc31","contractAddress":null,"cumulativeGasUsed":"0x19ec9","effectiveGasPrice":"0xd09dc30e","from":"0x02cc64973a38a82a446a9c4bf3c68c126ecf764d","gasUsed":"0x5260","logs":[],"logsBloom":"0x00000000000000000000000000000000000000000000000000000000000000000000000000000000000000000000000000000000000000000000000000000000000000000000000000000000000000000000000000000000000000000000000000000000000000000000000000000000000000000000000000000000000000000000000000000000000000000000000000000000000000000000000000000000000000000000000000000000000000000000000000000000000000000000000000000000000000000000000000000000000000000000000000000000000000000000000000000000000000000000000000000000000000000000000000000000","status":"0x1","to":"0x23a14e97a59779165bf83310a712b84f101c9140","transactionHash":"0xeb80b552e9016f70fc38ad0981994e99eba385246eb762073189dc20e4e9b0df","transactionIndex":"0x1","type":"0x0"}}
{"jsonrpc":"2.0","id":1,"error":{"code":-32000,"message":"already known"}}
{"jsonrpc":"2.0","id":1,"result":{"blockHash":"0x43bb2a3cf3e1b7a6599d348aedbdb3c21c8bd96ae09fa902673dc59ec7bb4394","blockNumber":"0xc3dc31","contractAddress":null,"cumulativeGasUsed":"0x19ec9","effectiveGasPrice":"0xd09dc30e","from":"0x02cc64973a38a82a446a9c4bf3c68c126ecf764d","gasUsed":"0x5260","logs":[],"logsBloom":"0x00000000000000000000000000000000000000000000000000000000000000000000000000000000000000000000000000000000000000000000000000000000000000000000000000000000000000000000000000000000000000000000000000000000000000000000000000000000000000000000000000000000000000000000000000000000000000000000000000000000000000000000000000000000000000000000000000000000000000000000000000000000000000000000000000000000000000000000000000000000000000000000000000000000000000000000000000000000000000000000000000000000000000000000000000000000","status":"0x1","to":"0x23a14e97a59779165bf83310a712b84f101c9140","transactionHash":"0xeb80b552e9016f70fc38ad0981994e99eba385246eb762073189dc20e4e9b0df","transactionIndex":"0x1","type":"0x0"}}
{"jsonrpc":"2.0","id":1,"error":{"code":-32000,"message":"already known"}}
{"jsonrpc":"2.0","id":1,"result":{"blockHash":"0x43bb2a3cf3e1b7a6599d348aedbdb3c21c8bd96ae09fa902673dc59ec7bb4394","blockNumber":"0xc3dc31","contractAddress":null,"cumulativeGasUsed":"0x19ec9","effectiveGasPrice":"0xd09dc30e","from":"0x02cc64973a38a82a446a9c4bf3c68c126ecf764d","gasUsed":"0x5260","logs":[],"logsBloom":"0x00000000000000000000000000000000000000000000000000000000000000000000000000000000000000000000000000000000000000000000000000000000000000000000000000000000000000000000000000000000000000000000000000000000000000000000000000000000000000000000000000000000000000000000000000000000000000000000000000000000000000000000000000000000000000000000000000000000000000000000000000000000000000000000000000000000000000000000000000000000000000000000000000000000000000000000000000000000000000000000000000000000000000000000000000000000","status":"0x1","to":"0x23a14e97a59779165bf83310a712b84f101c9140","transactionHash":"0xeb80b552e9016f70fc38ad0981994e99eba385246eb762073189dc20e4e9b0df","transactionIndex":"0x1","type":"0x0"}}

W
    at Logger.makeError (/workspace/VM/node_modules/@ethersproject/logger/lib/index.js:238:21)
    at Logger.throwError (/workspace/VM/node_modules/@ethersproject/logger/lib/index.js:247:20)
    at checkError (/workspace/VM/node_modules/@ethersproject/providers/lib/json-rpc-provider.js:144:16)
    at InfuraProvider.<anonymous> (/workspace/VM/node_modules/@ethersproject/providers/lib/json-rpc-provider.js:751:47)
    at step (/workspace/VM/node_modules/@ethersproject/providers/lib/json-rpc-provider.js:48:23)
    at Object.throw (/workspace/VM/node_modules/@ethersproject/providers/lib/json-rpc-provider.js:29:53)
    at rejected (/workspace/VM/node_modules/@ethersproject/providers/lib/json-rpc-provider.js:21:65)
    at <anonymous>
    at process._tickCallback (internal/process/next_tick.js:188:7)
  reason: 'insufficient funds for intrinsic transaction cost',
  code: 'INSUFFICIENT_FUNDS',
  error:
   { Error: processing response error (body="{\"jsonrpc\":\"2.0\",\"id\":46,\"error\":{\"code\":-32000,\"message\":\"insufficient fu
nds for gas * price + value\"}}", error={"code":-32000}, requestBody="{\"method\":\"eth_sendRawTransaction\",\"params\":[\"0x02f86d0
302853a35294400853a35294400834c4b409423a14e97a59779165bf83310a712b84f101c91400180c080a0adfae7247264c195cd5ada4953693a2aeb764c4ce98a5
9591862372992365fc4a00af79817e63eac9cfbd347a966dd379e1283bd159488baf7f1b8255aceebfa97\"],\"id\":46,\"jsonrpc\":\"2.0\"}", requestMet
hod="POST", url="https://ropsten.infura.io/v3/3e7f88ed3dc242c38332ecf58900a68e", code=SERVER_ERROR, version=web/5.7.0)
    at Logger.makeError (/workspace/VM/node_modules/@ethersproject/logger/lib/index.js:238:21)
    at Logger.throwError (/workspace/VM/node_modules/@ethersproject/logger/lib/index.js:247:20)
    at /workspace/VM/node_modules/@ethersproject/web/lib/index.js:308:32
    at step (/workspace/VM/node_modules/@ethersproject/web/lib/index.js:33:23)
    at Object.next (/workspace/VM/node_modules/@ethersproject/web/lib/index.js:14:53)
    at fulfilled (/workspace/VM/node_modules/@ethersproject/web/lib/index.js:5:58)
    at <anonymous>
    at process._tickCallback (internal/process/next_tick.js:188:7)
     reason: 'processing response error',
     code: 'SERVER_ERROR',
     body: '{"jsonrpc":"2.0","id":46,"error":{"code":-32000,"message":"insufficient funds for gas * price + value"}}',
     error: { Error: insufficient funds for gas * price + value
    at getResult (/workspace/VM/node_modules/@ethersproject/providers/lib/json-rpc-provider.js:191:21)
    at processJsonFunc (/workspace/VM/node_modules/@ethersproject/web/lib/index.js:351:22)
    at /workspace/VM/node_modules/@ethersproject/web/lib/index.js:283:46
    at step (/workspace/VM/node_modules/@ethersproject/web/lib/index.js:33:23)
    at Object.next (/workspace/VM/node_modules/@ethersproject/web/lib/index.js:14:53)
    at fulfilled (/workspace/VM/node_modules/@ethersproject/web/lib/index.js:5:58)
    at <anonymous>
    at process._tickCallback (internal/process/next_tick.js:188:7) code: -32000, data: undefined },
     requestBody: '{"method":"eth_sendRawTransaction","params":["0x02f86d0302853a35294400853a35294400834c4b409423a14e97a59779165bf83
310a712b84f101c91400180c080a0adfae7247264c195cd5ada4953693a2aeb764c4ce98a59591862372992365fc4a00af79817e63eac9cfbd347a966dd379e1283b
d159488baf7f1b8255aceebfa97"],"id":46,"jsonrpc":"2.0"}',
     requestMethod: 'POST',
     url: 'https://ropsten.infura.io/v3/3e7f88ed3dc242c38332ecf58900a68e' },
  method: 'sendTransaction',
  transaction:
   { type: 2,
     chainId: 3,
     nonce: 2,
     maxPriorityFeePerGas: BigNumber { _hex: '0x3a35294400', _isBigNumber: true },
     maxFeePerGas: BigNumber { _hex: '0x3a35294400', _isBigNumber: true },
     gasPrice: null,
     gasLimit: BigNumber { _hex: '0x4c4b40', _isBigNumber: true },
     to: '0x23A14e97A59779165BF83310a712B84F101c9140',
     value: BigNumber { _hex: '0x01', _isBigNumber: true },
     data: '0x',
     accessList: [],
     hash: '0x38b1d7cfc87399be34305c65f050aee6d781e9a330c602a9b4b44b617d890e3b',
     v: 0,
     r: '0xadfae7247264c195cd5ada4953693a2aeb764c4ce98a59591862372992365fc4',
     s: '0x0af79817e63eac9cfbd347a966dd379e1283bd159488baf7f1b8255aceebfa97',
     from: '0x02CC64973a38A82A446A9c4BF3C68c126ecF764d',
     confirmations: 0 },
  transactionHash: '0x38b1d7cfc87399be34305c65f050aee6d781e9a330c602a9b4b44b617d890e3b' }

root@goorm:/workspace/VM/www(master)# node index.js
{ from: '0x02CC64973a38A82A446A9c4BF3C68c126ecF764d',
  to: '0x23A14e97A59779165BF83310a712B84F101c9140',
  value: 1,
  nonce: Promise { <pending> },
  gasLimit: '0x989680',
  gasPrice: '0xD09DC30E' }
{ type: 2,
  chainId: 3,
  nonce: 2,
  maxPriorityFeePerGas: BigNumber { _hex: '0xd09dc30e', _isBigNumber: true },
  maxFeePerGas: BigNumber { _hex: '0xd09dc30e', _isBigNumber: true },
  gasPrice: null,
  gasLimit: BigNumber { _hex: '0x989680', _isBigNumber: true },
  to: '0x23A14e97A59779165BF83310a712B84F101c9140',
  value: BigNumber { _hex: '0x01', _isBigNumber: true },
  data: '0x',
  accessList: [],
  hash: '0x0e7461de9d5b66c5ffc052d7de9a02cbc2d2e02e1297929eabda7369b2dd114d',
  v: 0,
  r: '0xbaafd7f2e6b765ae3408981cb519c7c8294a536af5c95799c5e12a8cc2933865',
  s: '0x3a81e12001183533e2d8ce788ff336be7c854680d866bd490c87318330283ceb',
  from: '0x02CC64973a38A82A446A9c4BF3C68c126ecF764d',
  confirmations: 0,
  wait: [Function] }
{ to: '0x23A14e97A59779165BF83310a712B84F101c9140',
  from: '0x02CC64973a38A82A446A9c4BF3C68c126ecF764d',
  contractAddress: null,
  transactionIndex: 0,
  gasUsed: BigNumber { _hex: '0x5208', _isBigNumber: true },
  logsBloom: '0x00000000000000000000000000000000000000000000000000000000000000000000000000000000000000000000000000000000000000000000
000000000000000000000000000000000000000000000000000000000000000000000000000000000000000000000000000000000000000000000000000000000000
000000000000000000000000000000000000000000000000000000000000000000000000000000000000000000000000000000000000000000000000000000000000
000000000000000000000000000000000000000000000000000000000000000000000000000000000000000000000000000000000000000000000000000000000000
',
  blockHash: '0xf8d1084d82262cc8aebf55d5e27eee205603474e299d38c82f2e3dd82b038506',
  transactionHash: '0x0e7461de9d5b66c5ffc052d7de9a02cbc2d2e02e1297929eabda7369b2dd114d',
  logs: [],
  blockNumber: 12835881,
  confirmations: 1,
  cumulativeGasUsed: BigNumber { _hex: '0x5208', _isBigNumber: true },
  effectiveGasPrice: BigNumber { _hex: '0xd09dc30e', _isBigNumber: true },
  status: 1,
  type: 2,
  byzantium: true }
	
root@goorm:/workspace/VM/www(master)# node index.js
{ from: '0x02CC64973a38A82A446A9c4BF3C68c126ecF764d',
  value: 1,
  nonce: Promise { <pending> },
  gasLimit: '0x989680',
  gasPrice: '0xD09DC30E',
  data: '0x600060006009f0' }
{ type: 2,
  chainId: 3,
  nonce: 3,
  maxPriorityFeePerGas: BigNumber { _hex: '0xd09dc30e', _isBigNumber: true },
  maxFeePerGas: BigNumber { _hex: '0xd09dc30e', _isBigNumber: true },
  gasPrice: null,
  gasLimit: BigNumber { _hex: '0x989680', _isBigNumber: true },
  to: null,
  value: BigNumber { _hex: '0x01', _isBigNumber: true },
  data: '0x600060006009f0',
  accessList: [],
  hash: '0x152827a9f8bfc1cf34d9aeb9bfd02b2e558f00d37f6ad998c75174e389be25ec',
  v: 0,
  r: '0x1633aecd2ba939c9dde3269787fb35e3af76ba2c02ca2afb8b021a28d21229f9',
  s: '0x298b340e2c5d1f60b470b9e6ebf8efc0fc8706492c148e99fa181ac8871b0f42',
  from: '0x02CC64973a38A82A446A9c4BF3C68c126ecF764d',
  confirmations: 0,
  wait: [Function] }
{ to: null,
  from: '0x02CC64973a38A82A446A9c4BF3C68c126ecF764d',
  contractAddress: '0x21A675c0f701b724064e7cfa12c7DfC1527d1E03',
  transactionIndex: 0,
  gasUsed: BigNumber { _hex: '0x014c69', _isBigNumber: true },
  logsBloom: '0x00000000000000000000000000000000000000000000000000000000000000000000000000000000000000000000000000000000000000000000
000000000000000000000000000000000000000000000000000000000000000000000000000000000000000000000000000000000000000000000000000000000000
000000000000000000000000000000000000000000000000000000000000000000000000000000000000000000000000000000000000000000000000000000000000
000000000000000000000000000000000000000000000000000000000000000000000000000000000000000000000000000000000000000000000000000000000000
',
  blockHash: '0x43bb2a3cf3e1b7a6599d348aedbdb3c21c8bd96ae09fa902673dc59ec7bb4394',
  transactionHash: '0x152827a9f8bfc1cf34d9aeb9bfd02b2e558f00d37f6ad998c75174e389be25ec',
  logs: [],
  blockNumber: 12835889,
  confirmations: 1,
  cumulativeGasUsed: BigNumber { _hex: '0x014c69', _isBigNumber: true },
  effectiveGasPrice: BigNumber { _hex: '0xd09dc30e', _isBigNumber: true },
  status: 1,
  type: 2,
  byzantium: true }
	{"jsonrpc":"2.0","id":1,"error":{"code":-32000,"message":"already known"}}
{"jsonrpc":"2.0","id":1,"result":{"blockHash":"0x43bb2a3cf3e1b7a6599d348aedbdb3c21c8bd96ae09fa902673dc59ec7bb4394","blockNumber":"0xc3dc31","contractAddress":null,"cumulativeGasUsed":"0x19ec9","effectiveGasPrice":"0xd09dc30e","from":"0x02cc64973a38a82a446a9c4bf3c68c126ecf764d","gasUsed":"0x5260","logs":[],"logsBloom":"0x00000000000000000000000000000000000000000000000000000000000000000000000000000000000000000000000000000000000000000000000000000000000000000000000000000000000000000000000000000000000000000000000000000000000000000000000000000000000000000000000000000000000000000000000000000000000000000000000000000000000000000000000000000000000000000000000000000000000000000000000000000000000000000000000000000000000000000000000000000000000000000000000000000000000000000000000000000000000000000000000000000000000000000000000000000000","status":"0x1","to":"0x23a14e97a59779165bf83310a712b84f101c9140","transactionHash":"0xeb80b552e9016f70fc38ad0981994e99eba385246eb762073189dc20e4e9b0df","transactionIndex":"0x1","type":"0x0"}}

root@goorm:/workspace/VM/www(master)# node index.js
{ from: '0x02CC64973a38A82A446A9c4BF3C68c126ecF764d',
  value: 1,
  nonce: Promise { <pending> },
  gasLimit: '0x989680',
  gasPrice: '0xD09DC30E',
  data: '0x600060006007f0' }
{ type: 2,
  chainId: 3,
  nonce: 7,
  maxPriorityFeePerGas: BigNumber { _hex: '0xd09dc30e', _isBigNumber: true },
  maxFeePerGas: BigNumber { _hex: '0xd09dc30e', _isBigNumber: true },
  gasPrice: null,
  gasLimit: BigNumber { _hex: '0x989680', _isBigNumber: true },
  to: null,
  value: BigNumber { _hex: '0x01', _isBigNumber: true },
  data: '0x600060006007f0',
  accessList: [],
  hash: '0xb04aa416152bdccb8fb36a74011cc081cd7b03fe38825276a0e36e0195cc00d2',
  v: 1,
  r: '0xed1dd3d5d5b5c3e24c2993feacd1960b7a7c250a886b442c0b464864965f011c',
  s: '0x4bc62f5acc6e4fa2731fd63cbee055f995e835dfa4c340a3c5bd2cf237357de4',
  from: '0x02CC64973a38A82A446A9c4BF3C68c126ecF764d',
  confirmations: 0,
  wait: [Function] }
{ to: null,
  from: '0x02CC64973a38A82A446A9c4BF3C68c126ecF764d',
  contractAddress: '0x9a44397F735F65AA9440126e81b96bf4b1D4eBF6',
  transactionIndex: 0,
  gasUsed: BigNumber { _hex: '0x014c69', _isBigNumber: true },
  logsBloom: '0x00000000000000000000000000000000000000000000000000000000000000000000000000000000000000000000000000000000000000000000
000000000000000000000000000000000000000000000000000000000000000000000000000000000000000000000000000000000000000000000000000000000000
000000000000000000000000000000000000000000000000000000000000000000000000000000000000000000000000000000000000000000000000000000000000
000000000000000000000000000000000000000000000000000000000000000000000000000000000000000000000000000000000000000000000000000000000000
',
  blockHash: '0xae0d768eeb8e0577fe9449ade3f01ae73f0b6c97dfcde07c6f65fa7d0eb0093b',
  transactionHash: '0xb04aa416152bdccb8fb36a74011cc081cd7b03fe38825276a0e36e0195cc00d2',
  logs: [],
  blockNumber: 12835955,
  confirmations: 1,
  cumulativeGasUsed: BigNumber { _hex: '0x014c69', _isBigNumber: true },
  effectiveGasPrice: BigNumber { _hex: '0xd09dc30e', _isBigNumber: true },
  status: 1,
  type: 2,
  byzantium: true }{"jsonrpc":"2.0","id":1,"error":{"code":-32000,"message":"already known"}}
{"jsonrpc":"2.0","id":1,"result":{"blockHash":"0x43bb2a3cf3e1b7a6599d348aedbdb3c21c8bd96ae09fa902673dc59ec7bb4394","blockNumber":"0xc3dc31","contractAddress":null,"cumulativeGasUsed":"0x19ec9","effectiveGasPrice":"0xd09dc30e","from":"0x02cc64973a38a82a446a9c4bf3c68c126ecf764d","gasUsed":"0x5260","logs":[],"logsBloom":"0x00000000000000000000000000000000000000000000000000000000000000000000000000000000000000000000000000000000000000000000000000000000000000000000000000000000000000000000000000000000000000000000000000000000000000000000000000000000000000000000000000000000000000000000000000000000000000000000000000000000000000000000000000000000000000000000000000000000000000000000000000000000000000000000000000000000000000000000000000000000000000000000000000000000000000000000000000000000000000000000000000000000000000000000000000000000","status":"0x1","to":"0x23a14e97a59779165bf83310a712b84f101c9140","transactionHash":"0xeb80b552e9016f70fc38ad0981994e99eba385246eb762073189dc20e4e9b0df","transactionIndex":"0x1","type":"0x0"}}
{"jsonrpc":"2.0","id":1,"error":{"code":-32000,"message":"already known"}}
{"jsonrpc":"2.0","id":1,"result":{"blockHash":"0x43bb2a3cf3e1b7a6599d348aedbdb3c21c8bd96ae09fa902673dc59ec7bb4394","blockNumber":"0xc3dc31","contractAddress":null,"cumulativeGasUsed":"0x19ec9","effectiveGasPrice":"0xd09dc30e","from":"0x02cc64973a38a82a446a9c4bf3c68c126ecf764d","gasUsed":"0x5260","logs":[],"logsBloom":"0x00000000000000000000000000000000000000000000000000000000000000000000000000000000000000000000000000000000000000000000000000000000000000000000000000000000000000000000000000000000000000000000000000000000000000000000000000000000000000000000000000000000000000000000000000000000000000000000000000000000000000000000000000000000000000000000000000000000000000000000000000000000000000000000000000000000000000000000000000000000000000000000000000000000000000000000000000000000000000000000000000000000000000000000000000000000","status":"0x1","to":"0x23a14e97a59779165bf83310a712b84f101c9140","transactionHash":"0xeb80b552e9016f70fc38ad0981994e99eba385246eb762073189dc20e4e9b0df","transactionIndex":"0x1","type":"0x0"}}
{"jsonrpc":"2.0","id":1,"error":{"code":-32000,"message":"already known"}}
{"jsonrpc":"2.0","id":1,"result":{"blockHash":"0x43bb2a3cf3e1b7a6599d348aedbdb3c21c8bd96ae09fa902673dc59ec7bb4394","blockNumber":"0xc3dc31","contractAddress":null,"cumulativeGasUsed":"0x19ec9","effectiveGasPrice":"0xd09dc30e","from":"0x02cc64973a38a82a446a9c4bf3c68c126ecf764d","gasUsed":"0x5260","logs":[],"logsBloom":"0x00000000000000000000000000000000000000000000000000000000000000000000000000000000000000000000000000000000000000000000000000000000000000000000000000000000000000000000000000000000000000000000000000000000000000000000000000000000000000000000000000000000000000000000000000000000000000000000000000000000000000000000000000000000000000000000000000000000000000000000000000000000000000000000000000000000000000000000000000000000000000000000000000000000000000000000000000000000000000000000000000000000000000000000000000000000","status":"0x1","to":"0x23a14e97a59779165bf83310a712b84f101c9140","transactionHash":"0xeb80b552e9016f70fc38ad0981994e99eba385246eb762073189dc20e4e9b0df","transactionIndex":"0x1","type":"0x0"}}
{"jsonrpc":"2.0","id":1,"error":{"code":-32000,"message":"already known"}}
{"jsonrpc":"2.0","id":1,"result":{"blockHash":"0x43bb2a3cf3e1b7a6599d348aedbdb3c21c8bd96ae09fa902673dc59ec7bb4394","blockNumber":"0xc3dc31","contractAddress":null,"cumulativeGasUsed":"0x19ec9","effectiveGasPrice":"0xd09dc30e","from":"0x02cc64973a38a82a446a9c4bf3c68c126ecf764d","gasUsed":"0x5260","logs":[],"logsBloom":"0x00000000000000000000000000000000000000000000000000000000000000000000000000000000000000000000000000000000000000000000000000000000000000000000000000000000000000000000000000000000000000000000000000000000000000000000000000000000000000000000000000000000000000000000000000000000000000000000000000000000000000000000000000000000000000000000000000000000000000000000000000000000000000000000000000000000000000000000000000000000000000000000000000000000000000000000000000000000000000000000000000000000000000000000000000000000","status":"0x1","to":"0x23a14e97a59779165bf83310a712b84f101c9140","transactionHash":"0xeb80b552e9016f70fc38ad0981994e99eba385246eb762073189dc20e4e9b0df","transactionIndex":"0x1","type":"0x0"}}
{"jsonrpc":"2.0","id":1,"error":{"code":-32000,"message":"already known"}}
{"jsonrpc":"2.0","id":1,"result":{"blockHash":"0x43bb2a3cf3e1b7a6599d348aedbdb3c21c8bd96ae09fa902673dc59ec7bb4394","blockNumber":"0xc3dc31","contractAddress":null,"cumulativeGasUsed":"0x19ec9","effectiveGasPrice":"0xd09dc30e","from":"0x02cc64973a38a82a446a9c4bf3c68c126ecf764d","gasUsed":"0x5260","logs":[],"logsBloom":"0x00000000000000000000000000000000000000000000000000000000000000000000000000000000000000000000000000000000000000000000000000000000000000000000000000000000000000000000000000000000000000000000000000000000000000000000000000000000000000000000000000000000000000000000000000000000000000000000000000000000000000000000000000000000000000000000000000000000000000000000000000000000000000000000000000000000000000000000000000000000000000000000000000000000000000000000000000000000000000000000000000000000000000000000000000000000","status":"0x1","to":"0x23a14e97a59779165bf83310a712b84f101c9140","transactionHash":"0xeb80b552e9016f70fc38ad0981994e99eba385246eb762073189dc20e4e9b0df","transactionIndex":"0x1","type":"0x0"}}
{"jsonrpc":"2.0","id":1,"error":{"code":-32000,"message":"already known"}}
{"jsonrpc":"2.0","id":1,"result":{"blockHash":"0x43bb2a3cf3e1b7a6599d348aedbdb3c21c8bd96ae09fa902673dc59ec7bb4394","blockNumber":"0xc3dc31","contractAddress":null,"cumulativeGasUsed":"0x19ec9","effectiveGasPrice":"0xd09dc30e","from":"0x02cc64973a38a82a446a9c4bf3c68c126ecf764d","gasUsed":"0x5260","logs":[],"logsBloom":"0x00000000000000000000000000000000000000000000000000000000000000000000000000000000000000000000000000000000000000000000000000000000000000000000000000000000000000000000000000000000000000000000000000000000000000000000000000000000000000000000000000000000000000000000000000000000000000000000000000000000000000000000000000000000000000000000000000000000000000000000000000000000000000000000000000000000000000000000000000000000000000000000000000000000000000000000000000000000000000000000000000000000000000000000000000000000","status":"0x1","to":"0x23a14e97a59779165bf83310a712b84f101c9140","transactionHash":"0xeb80b552e9016f70fc38ad0981994e99eba385246eb762073189dc20e4e9b0df","transactionIndex":"0x1","type":"0x0"}}
{"jsonrpc":"2.0","id":1,"error":{"code":-32000,"message":"already known"}}
{"jsonrpc":"2.0","id":1,"result":{"blockHash":"0x43bb2a3cf3e1b7a6599d348aedbdb3c21c8bd96ae09fa902673dc59ec7bb4394","blockNumber":"0xc3dc31","contractAddress":null,"cumulativeGasUsed":"0x19ec9","effectiveGasPrice":"0xd09dc30e","from":"0x02cc64973a38a82a446a9c4bf3c68c126ecf764d","gasUsed":"0x5260","logs":[],"logsBloom":"0x00000000000000000000000000000000000000000000000000000000000000000000000000000000000000000000000000000000000000000000000000000000000000000000000000000000000000000000000000000000000000000000000000000000000000000000000000000000000000000000000000000000000000000000000000000000000000000000000000000000000000000000000000000000000000000000000000000000000000000000000000000000000000000000000000000000000000000000000000000000000000000000000000000000000000000000000000000000000000000000000000000000000000000000000000000000","status":"0x1","to":"0x23a14e97a59779165bf83310a712b84f101c9140","transactionHash":"0xeb80b552e9016f70fc38ad0981994e99eba385246eb762073189dc20e4e9b0df","transactionIndex":"0x1","type":"0x0"}}
{"jsonrpc":"2.0","id":1,"error":{"code":-32000,"message":"already known"}}
{"jsonrpc":"2.0","id":1,"result":{"blockHash":"0x43bb2a3cf3e1b7a6599d348aedbdb3c21c8bd96ae09fa902673dc59ec7bb4394","blockNumber":"0xc3dc31","contractAddress":null,"cumulativeGasUsed":"0x19ec9","effectiveGasPrice":"0xd09dc30e","from":"0x02cc64973a38a82a446a9c4bf3c68c126ecf764d","gasUsed":"0x5260","logs":[],"logsBloom":"0x00000000000000000000000000000000000000000000000000000000000000000000000000000000000000000000000000000000000000000000000000000000000000000000000000000000000000000000000000000000000000000000000000000000000000000000000000000000000000000000000000000000000000000000000000000000000000000000000000000000000000000000000000000000000000000000000000000000000000000000000000000000000000000000000000000000000000000000000000000000000000000000000000000000000000000000000000000000000000000000000000000000000000000000000000000000","status":"0x1","to":"0x23a14e97a59779165bf83310a712b84f101c9140","transactionHash":"0xeb80b552e9016f70fc38ad0981994e99eba385246eb762073189dc20e4e9b0df","transactionIndex":"0x1","type":"0x0"}}
{"jsonrpc":"2.0","id":1,"error":{"code":-32000,"message":"already known"}}
{"jsonrpc":"2.0","id":1,"result":{"blockHash":"0x43bb2a3cf3e1b7a6599d348aedbdb3c21c8bd96ae09fa902673dc59ec7bb4394","blockNumber":"0xc3dc31","contractAddress":null,"cumulativeGasUsed":"0x19ec9","effectiveGasPrice":"0xd09dc30e","from":"0x02cc64973a38a82a446a9c4bf3c68c126ecf764d","gasUsed":"0x5260","logs":[],"logsBloom":"0x00000000000000000000000000000000000000000000000000000000000000000000000000000000000000000000000000000000000000000000000000000000000000000000000000000000000000000000000000000000000000000000000000000000000000000000000000000000000000000000000000000000000000000000000000000000000000000000000000000000000000000000000000000000000000000000000000000000000000000000000000000000000000000000000000000000000000000000000000000000000000000000000000000000000000000000000000000000000000000000000000000000000000000000000000000000","status":"0x1","to":"0x23a14e97a59779165bf83310a712b84f101c9140","transactionHash":"0xeb80b552e9016f70fc38ad0981994e99eba385246eb762073189dc20e4e9b0df","transactionIndex":"0x1","type":"0x0"}}
{"jsonrpc":"2.0","id":1,"error":{"code":-32000,"message":"already known"}}
{"jsonrpc":"2.0","id":1,"result":{"blockHash":"0x43bb2a3cf3e1b7a6599d348aedbdb3c21c8bd96ae09fa902673dc59ec7bb4394","blockNumber":"0xc3dc31","contractAddress":null,"cumulativeGasUsed":"0x19ec9","effectiveGasPrice":"0xd09dc30e","from":"0x02cc64973a38a82a446a9c4bf3c68c126ecf764d","gasUsed":"0x5260","logs":[],"logsBloom":"0x00000000000000000000000000000000000000000000000000000000000000000000000000000000000000000000000000000000000000000000000000000000000000000000000000000000000000000000000000000000000000000000000000000000000000000000000000000000000000000000000000000000000000000000000000000000000000000000000000000000000000000000000000000000000000000000000000000000000000000000000000000000000000000000000000000000000000000000000000000000000000000000000000000000000000000000000000000000000000000000000000000000000000000000000000000000","status":"0x1","to":"0x23a14e97a59779165bf83310a712b84f101c9140","transactionHash":"0xeb80b552e9016f70fc38ad0981994e99eba385246eb762073189dc20e4e9b0df","transactionIndex":"0x1","type":"0x0"}}
{"jsonrpc":"2.0","id":1,"error":{"code":-32000,"message":"already known"}}
{"jsonrpc":"2.0","id":1,"result":{"blockHash":"0x43bb2a3cf3e1b7a6599d348aedbdb3c21c8bd96ae09fa902673dc59ec7bb4394","blockNumber":"0xc3dc31","contractAddress":null,"cumulativeGasUsed":"0x19ec9","effectiveGasPrice":"0xd09dc30e","from":"0x02cc64973a38a82a446a9c4bf3c68c126ecf764d","gasUsed":"0x5260","logs":[],"logsBloom":"0x00000000000000000000000000000000000000000000000000000000000000000000000000000000000000000000000000000000000000000000000000000000000000000000000000000000000000000000000000000000000000000000000000000000000000000000000000000000000000000000000000000000000000000000000000000000000000000000000000000000000000000000000000000000000000000000000000000000000000000000000000000000000000000000000000000000000000000000000000000000000000000000000000000000000000000000000000000000000000000000000000000000000000000000000000000000","status":"0x1","to":"0x23a14e97a59779165bf83310a712b84f101c9140","transactionHash":"0xeb80b552e9016f70fc38ad0981994e99eba385246eb762073189dc20e4e9b0df","transactionIndex":"0x1","type":"0x0"}}
{"jsonrpc":"2.0","id":1,"error":{"code":-32000,"message":"already known"}}
{"jsonrpc":"2.0","id":1,"result":{"blockHash":"0x43bb2a3cf3e1b7a6599d348aedbdb3c21c8bd96ae09fa902673dc59ec7bb4394","blockNumber":"0xc3dc31","contractAddress":null,"cumulativeGasUsed":"0x19ec9","effectiveGasPrice":"0xd09dc30e","from":"0x02cc64973a38a82a446a9c4bf3c68c126ecf764d","gasUsed":"0x5260","logs":[],"logsBloom":"0x00000000000000000000000000000000000000000000000000000000000000000000000000000000000000000000000000000000000000000000000000000000000000000000000000000000000000000000000000000000000000000000000000000000000000000000000000000000000000000000000000000000000000000000000000000000000000000000000000000000000000000000000000000000000000000000000000000000000000000000000000000000000000000000000000000000000000000000000000000000000000000000000000000000000000000000000000000000000000000000000000000000000000000000000000000000","status":"0x1","to":"0x23a14e97a59779165bf83310a712b84f101c9140","transactionHash":"0xeb80b552e9016f70fc38ad0981994e99eba385246eb762073189dc20e4e9b0df","transactionIndex":"0x1","type":"0x0"}}
{"jsonrpc":"2.0","id":1,"error":{"code":-32000,"message":"already known"}}
{"jsonrpc":"2.0","id":1,"result":{"blockHash":"0x43bb2a3cf3e1b7a6599d348aedbdb3c21c8bd96ae09fa902673dc59ec7bb4394","blockNumber":"0xc3dc31","contractAddress":null,"cumulativeGasUsed":"0x19ec9","effectiveGasPrice":"0xd09dc30e","from":"0x02cc64973a38a82a446a9c4bf3c68c126ecf764d","gasUsed":"0x5260","logs":[],"logsBloom":"0x00000000000000000000000000000000000000000000000000000000000000000000000000000000000000000000000000000000000000000000000000000000000000000000000000000000000000000000000000000000000000000000000000000000000000000000000000000000000000000000000000000000000000000000000000000000000000000000000000000000000000000000000000000000000000000000000000000000000000000000000000000000000000000000000000000000000000000000000000000000000000000000000000000000000000000000000000000000000000000000000000000000000000000000000000000000","status":"0x1","to":"0x23a14e97a59779165bf83310a712b84f101c9140","transactionHash":"0xeb80b552e9016f70fc38ad0981994e99eba385246eb762073189dc20e4e9b0df","transactionIndex":"0x1","type":"0x0"}}
{"jsonrpc":"2.0","id":1,"error":{"code":-32000,"message":"already known"}}
{"jsonrpc":"2.0","id":1,"result":{"blockHash":"0x43bb2a3cf3e1b7a6599d348aedbdb3c21c8bd96ae09fa902673dc59ec7bb4394","blockNumber":"0xc3dc31","contractAddress":null,"cumulativeGasUsed":"0x19ec9","effectiveGasPrice":"0xd09dc30e","from":"0x02cc64973a38a82a446a9c4bf3c68c126ecf764d","gasUsed":"0x5260","logs":[],"logsBloom":"0x00000000000000000000000000000000000000000000000000000000000000000000000000000000000000000000000000000000000000000000000000000000000000000000000000000000000000000000000000000000000000000000000000000000000000000000000000000000000000000000000000000000000000000000000000000000000000000000000000000000000000000000000000000000000000000000000000000000000000000000000000000000000000000000000000000000000000000000000000000000000000000000000000000000000000000000000000000000000000000000000000000000000000000000000000000000","status":"0x1","to":"0x23a14e97a59779165bf83310a712b84f101c9140","transactionHash":"0xeb80b552e9016f70fc38ad0981994e99eba385246eb762073189dc20e4e9b0df","transactionIndex":"0x1","type":"0x0"}}
{"jsonrpc":"2.0","id":1,"error":{"code":-32000,"message":"already known"}}
{"jsonrpc":"2.0","id":1,"result":{"blockHash":"0x43bb2a3cf3e1b7a6599d348aedbdb3c21c8bd96ae09fa902673dc59ec7bb4394","blockNumber":"0xc3dc31","contractAddress":null,"cumulativeGasUsed":"0x19ec9","effectiveGasPrice":"0xd09dc30e","from":"0x02cc64973a38a82a446a9c4bf3c68c126ecf764d","gasUsed":"0x5260","logs":[],"logsBloom":"0x00000000000000000000000000000000000000000000000000000000000000000000000000000000000000000000000000000000000000000000000000000000000000000000000000000000000000000000000000000000000000000000000000000000000000000000000000000000000000000000000000000000000000000000000000000000000000000000000000000000000000000000000000000000000000000000000000000000000000000000000000000000000000000000000000000000000000000000000000000000000000000000000000000000000000000000000000000000000000000000000000000000000000000000000000000000","status":"0x1","to":"0x23a14e97a59779165bf83310a712b84f101c9140","transactionHash":"0xeb80b552e9016f70fc38ad0981994e99eba385246eb762073189dc20e4e9b0df","transactionIndex":"0x1","type":"0x0"}}
{"jsonrpc":"2.0","id":1,"error":{"code":-32000,"message":"already known"}}
{"jsonrpc":"2.0","id":1,"result":{"blockHash":"0x43bb2a3cf3e1b7a6599d348aedbdb3c21c8bd96ae09fa902673dc59ec7bb4394","blockNumber":"0xc3dc31","contractAddress":null,"cumulativeGasUsed":"0x19ec9","effectiveGasPrice":"0xd09dc30e","from":"0x02cc64973a38a82a446a9c4bf3c68c126ecf764d","gasUsed":"0x5260","logs":[],"logsBloom":"0x00000000000000000000000000000000000000000000000000000000000000000000000000000000000000000000000000000000000000000000000000000000000000000000000000000000000000000000000000000000000000000000000000000000000000000000000000000000000000000000000000000000000000000000000000000000000000000000000000000000000000000000000000000000000000000000000000000000000000000000000000000000000000000000000000000000000000000000000000000000000000000000000000000000000000000000000000000000000000000000000000000000000000000000000000000000","status":"0x1","to":"0x23a14e97a59779165bf83310a712b84f101c9140","transactionHash":"0xeb80b552e9016f70fc38ad0981994e99eba385246eb762073189dc20e4e9b0df","transactionIndex":"0x1","type":"0x0"}}
{"jsonrpc":"2.0","id":1,"error":{"code":-32000,"message":"already known"}}
{"jsonrpc":"2.0","id":1,"result":{"blockHash":"0x43bb2a3cf3e1b7a6599d348aedbdb3c21c8bd96ae09fa902673dc59ec7bb4394","blockNumber":"0xc3dc31","contractAddress":null,"cumulativeGasUsed":"0x19ec9","effectiveGasPrice":"0xd09dc30e","from":"0x02cc64973a38a82a446a9c4bf3c68c126ecf764d","gasUsed":"0x5260","logs":[],"logsBloom":"0x00000000000000000000000000000000000000000000000000000000000000000000000000000000000000000000000000000000000000000000000000000000000000000000000000000000000000000000000000000000000000000000000000000000000000000000000000000000000000000000000000000000000000000000000000000000000000000000000000000000000000000000000000000000000000000000000000000000000000000000000000000000000000000000000000000000000000000000000000000000000000000000000000000000000000000000000000000000000000000000000000000000000000000000000000000000","status":"0x1","to":"0x23a14e97a59779165bf83310a712b84f101c9140","transactionHash":"0xeb80b552e9016f70fc38ad0981994e99eba385246eb762073189dc20e4e9b0df","transactionIndex":"0x1","type":"0x0"}}
{"jsonrpc":"2.0","id":1,"error":{"code":-32000,"message":"already known"}}
{"jsonrpc":"2.0","id":1,"result":{"blockHash":"0x43bb2a3cf3e1b7a6599d348aedbdb3c21c8bd96ae09fa902673dc59ec7bb4394","blockNumber":"0xc3dc31","contractAddress":null,"cumulativeGasUsed":"0x19ec9","effectiveGasPrice":"0xd09dc30e","from":"0x02cc64973a38a82a446a9c4bf3c68c126ecf764d","gasUsed":"0x5260","logs":[],"logsBloom":"0x00000000000000000000000000000000000000000000000000000000000000000000000000000000000000000000000000000000000000000000000000000000000000000000000000000000000000000000000000000000000000000000000000000000000000000000000000000000000000000000000000000000000000000000000000000000000000000000000000000000000000000000000000000000000000000000000000000000000000000000000000000000000000000000000000000000000000000000000000000000000000000000000000000000000000000000000000000000000000000000000000000000000000000000000000000000","status":"0x1","to":"0x23a14e97a59779165bf83310a712b84f101c9140","transactionHash":"0xeb80b552e9016f70fc38ad0981994e99eba385246eb762073189dc20e4e9b0df","transactionIndex":"0x1","type":"0x0"}}
{"jsonrpc":"2.0","id":1,"error":{"code":-32000,"message":"already known"}}
{"jsonrpc":"2.0","id":1,"result":{"blockHash":"0x43bb2a3cf3e1b7a6599d348aedbdb3c21c8bd96ae09fa902673dc59ec7bb4394","blockNumber":"0xc3dc31","contractAddress":null,"cumulativeGasUsed":"0x19ec9","effectiveGasPrice":"0xd09dc30e","from":"0x02cc64973a38a82a446a9c4bf3c68c126ecf764d","gasUsed":"0x5260","logs":[],"logsBloom":"0x00000000000000000000000000000000000000000000000000000000000000000000000000000000000000000000000000000000000000000000000000000000000000000000000000000000000000000000000000000000000000000000000000000000000000000000000000000000000000000000000000000000000000000000000000000000000000000000000000000000000000000000000000000000000000000000000000000000000000000000000000000000000000000000000000000000000000000000000000000000000000000000000000000000000000000000000000000000000000000000000000000000000000000000000000000000","status":"0x1","to":"0x23a14e97a59779165bf83310a712b84f101c9140","transactionHash":"0xeb80b552e9016f70fc38ad0981994e99eba385246eb762073189dc20e4e9b0df","transactionIndex":"0x1","type":"0x0"}}
{"jsonrpc":"2.0","id":1,"error":{"code":-32000,"message":"nonce too low"}}
{"jsonrpc":"2.0","id":1,"result":{"blockHash":"0x43bb2a3cf3e1b7a6599d348aedbdb3c21c8bd96ae09fa902673dc59ec7bb4394","blockNumber":"0xc3dc31","contractAddress":null,"cumulativeGasUsed":"0x19ec9","effectiveGasPrice":"0xd09dc30e","from":"0x02cc64973a38a82a446a9c4bf3c68c126ecf764d","gasUsed":"0x5260","logs":[],"logsBloom":"0x00000000000000000000000000000000000000000000000000000000000000000000000000000000000000000000000000000000000000000000000000000000000000000000000000000000000000000000000000000000000000000000000000000000000000000000000000000000000000000000000000000000000000000000000000000000000000000000000000000000000000000000000000000000000000000000000000000000000000000000000000000000000000000000000000000000000000000000000000000000000000000000000000000000000000000000000000000000000000000000000000000000000000000000000000000000","status":"0x1","to":"0x23a14e97a59779165bf83310a712b84f101c9140","transactionHash":"0xeb80b552e9016f70fc38ad0981994e99eba385246eb762073189dc20e4e9b0df","transactionIndex":"0x1","type":"0x0"}}
{"jsonrpc":"2.0","id":1,"error":{"code":-32000,"message":"nonce too low"}}
{"jsonrpc":"2.0","id":1,"result":{"blockHash":"0x43bb2a3cf3e1b7a6599d348aedbdb3c21c8bd96ae09fa902673dc59ec7bb4394","blockNumber":"0xc3dc31","contractAddress":null,"cumulativeGasUsed":"0x19ec9","effectiveGasPrice":"0xd09dc30e","from":"0x02cc64973a38a82a446a9c4bf3c68c126ecf764d","gasUsed":"0x5260","logs":[],"logsBloom":"0x00000000000000000000000000000000000000000000000000000000000000000000000000000000000000000000000000000000000000000000000000000000000000000000000000000000000000000000000000000000000000000000000000000000000000000000000000000000000000000000000000000000000000000000000000000000000000000000000000000000000000000000000000000000000000000000000000000000000000000000000000000000000000000000000000000000000000000000000000000000000000000000000000000000000000000000000000000000000000000000000000000000000000000000000000000000","status":"0x1","to":"0x23a14e97a59779165bf83310a712b84f101c9140","transactionHash":"0xeb80b552e9016f70fc38ad0981994e99eba385246eb762073189dc20e4e9b0df","transactionIndex":"0x1","type":"0x0"}}
{"jsonrpc":"2.0","id":1,"error":{"code":-32000,"message":"nonce too low"}}
{"jsonrpc":"2.0","id":1,"result":{"blockHash":"0x43bb2a3cf3e1b7a6599d348aedbdb3c21c8bd96ae09fa902673dc59ec7bb4394","blockNumber":"0xc3dc31","contractAddress":null,"cumulativeGasUsed":"0x19ec9","effectiveGasPrice":"0xd09dc30e","from":"0x02cc64973a38a82a446a9c4bf3c68c126ecf764d","gasUsed":"0x5260","logs":[],"logsBloom":"0x00000000000000000000000000000000000000000000000000000000000000000000000000000000000000000000000000000000000000000000000000000000000000000000000000000000000000000000000000000000000000000000000000000000000000000000000000000000000000000000000000000000000000000000000000000000000000000000000000000000000000000000000000000000000000000000000000000000000000000000000000000000000000000000000000000000000000000000000000000000000000000000000000000000000000000000000000000000000000000000000000000000000000000000000000000000","status":"0x1","to":"0x23a14e97a59779165bf83310a712b84f101c9140","transactionHash":"0xeb80b552e9016f70fc38ad0981994e99eba385246eb762073189dc20e4e9b0df","transactionIndex":"0x1","type":"0x0"}}
{"jsonrpc":"2.0","id":1,"error":{"code":-32000,"message":"nonce too low"}}
{"jsonrpc":"2.0","id":1,"result":{"blockHash":"0x43bb2a3cf3e1b7a6599d348aedbdb3c21c8bd96ae09fa902673dc59ec7bb4394","blockNumber":"0xc3dc31","contractAddress":null,"cumulativeGasUsed":"0x19ec9","effectiveGasPrice":"0xd09dc30e","from":"0x02cc64973a38a82a446a9c4bf3c68c126ecf764d","gasUsed":"0x5260","logs":[],"logsBloom":"0x00000000000000000000000000000000000000000000000000000000000000000000000000000000000000000000000000000000000000000000000000000000000000000000000000000000000000000000000000000000000000000000000000000000000000000000000000000000000000000000000000000000000000000000000000000000000000000000000000000000000000000000000000000000000000000000000000000000000000000000000000000000000000000000000000000000000000000000000000000000000000000000000000000000000000000000000000000000000000000000000000000000000000000000000000000000","status":"0x1","to":"0x23a14e97a59779165bf83310a712b84f101c9140","transactionHash":"0xeb80b552e9016f70fc38ad0981994e99eba385246eb762073189dc20e4e9b0df","transactionIndex":"0x1","type":"0x0"}}
{"jsonrpc":"2.0","id":1,"error":{"code":-32000,"message":"nonce too low"}}
{"jsonrpc":"2.0","id":1,"result":{"blockHash":"0x43bb2a3cf3e1b7a6599d348aedbdb3c21c8bd96ae09fa902673dc59ec7bb4394","blockNumber":"0xc3dc31","contractAddress":null,"cumulativeGasUsed":"0x19ec9","effectiveGasPrice":"0xd09dc30e","from":"0x02cc64973a38a82a446a9c4bf3c68c126ecf764d","gasUsed":"0x5260","logs":[],"logsBloom":"0x00000000000000000000000000000000000000000000000000000000000000000000000000000000000000000000000000000000000000000000000000000000000000000000000000000000000000000000000000000000000000000000000000000000000000000000000000000000000000000000000000000000000000000000000000000000000000000000000000000000000000000000000000000000000000000000000000000000000000000000000000000000000000000000000000000000000000000000000000000000000000000000000000000000000000000000000000000000000000000000000000000000000000000000000000000000","status":"0x1","to":"0x23a14e97a59779165bf83310a712b84f101c9140","transactionHash":"0xeb80b552e9016f70fc38ad0981994e99eba385246eb762073189dc20e4e9b0df","transactionIndex":"0x1","type":"0x0"}}
{"jsonrpc":"2.0","id":1,"error":{"code":-32000,"message":"nonce too low"}}
{"jsonrpc":"2.0","id":1,"result":{"blockHash":"0x43bb2a3cf3e1b7a6599d348aedbdb3c21c8bd96ae09fa902673dc59ec7bb4394","blockNumber":"0xc3dc31","contractAddress":null,"cumulativeGasUsed":"0x19ec9","effectiveGasPrice":"0xd09dc30e","from":"0x02cc64973a38a82a446a9c4bf3c68c126ecf764d","gasUsed":"0x5260","logs":[],"logsBloom":"0x00000000000000000000000000000000000000000000000000000000000000000000000000000000000000000000000000000000000000000000000000000000000000000000000000000000000000000000000000000000000000000000000000000000000000000000000000000000000000000000000000000000000000000000000000000000000000000000000000000000000000000000000000000000000000000000000000000000000000000000000000000000000000000000000000000000000000000000000000000000000000000000000000000000000000000000000000000000000000000000000000000000000000000000000000000000","status":"0x1","to":"0x23a14e97a59779165bf83310a712b84f101c9140","transactionHash":"0xeb80b552e9016f70fc38ad0981994e99eba385246eb762073189dc20e4e9b0df","transactionIndex":"0x1","type":"0x0"}}
{"jsonrpc":"2.0","id":1,"error":{"code":-32000,"message":"nonce too low"}}
{"jsonrpc":"2.0","id":1,"result":{"blockHash":"0x43bb2a3cf3e1b7a6599d348aedbdb3c21c8bd96ae09fa902673dc59ec7bb4394","blockNumber":"0xc3dc31","contractAddress":null,"cumulativeGasUsed":"0x19ec9","effectiveGasPrice":"0xd09dc30e",
"from":"0x02cc64973a38a82a446a9c4bf3c68c126ecf764d","gasUsed":"0x5260","logs":[],"logsBloom":"0x000000000000000000000000000000000000000000000000000000000000
0000000000000000000000000000000000000000000000000000000000000000000000000000000000000000000000000000000000000000000000000000000000000000000000000000000000000
0000000000000000000000000000000000000000000000000000000000000000000000000000000000000000000000000000000000000000000000000000000000000000000000000000000000000
000000000000000000000000000000000000000000000000000000000000000000000000000000000000000000000000000000000000000000000000000000000000000000",
"status":"0x1","to":"0x23a14e97a59779165bf83310a712b84f101c9140","transactionHash":"0xeb80b552e9016f70fc38ad0981994e99eba385246eb762073189dc20e4e9b0df",
"transactionIndex":"0x1","type":"0x0"}}
{"jsonrpc":"2.0","id":1,"error":{"code":-32000,"message":"nonce too low"}}
{"jsonrpc":"2.0","id":1,"result":{"blockHash":"0x43bb2a3cf3e1b7a6599d348aedbdb3c21c8bd96ae09fa902673dc59ec7bb4394","blockNumber":"0xc3dc31","contractAddress":null,"cumulativeGasUsed":"0x19ec9","effectiveGasPrice":"0xd09dc30e","from":"0x02cc64973a38a82a446a9c4bf3c68c126ecf764d","gasUsed":"0x5260","logs":[],"logsBloom":"0x00000000000000000000000000000000000000000000000000000000000000000000000000000000000000000000000000000000000000000000000000000000000000000000000000000000000000000000000000000000000000000000000000000000000000000000000000000000000000000000000000000000000000000000000000000000000000000000000000000000000000000000000000000000000000000000000000000000000000000000000000000000000000000000000000000000000000000000000000000000000000000000000000000000000000000000000000000000000000000000000000000000000000000000000000000000","status":"0x1","to":"0x23a14e97a59779165bf83310a712b84f101c9140","transactionHash":"0xeb80b552e9016f70fc38ad0981994e99eba385246eb762073189dc20e4e9b0df","transactionIndex":"0x1","type":"0x0"}}
{"jsonrpc":"2.0","id":1,"error":{"code":-32000,"message":"nonce too low"}}
{"jsonrpc":"2.0","id":1,"result":{"blockHash":"0x43bb2a3cf3e1b7a6599d348aedbdb3c21c8bd96ae09fa902673dc59ec7bb4394","blockNumber":"0xc3dc31","contractAddress":null,"cumulativeGasUsed":"0x19ec9","effectiveGasPrice":"0xd09dc30e","from":"0x02cc64973a38a82a446a9c4bf3c68c126ecf764d","gasUsed":"0x5260","logs":[],"logsBloom":"0x00000000000000000000000000000000000000000000000000000000000000000000000000000000000000000000000000000000000000000000000000000000000000000000000000000000000000000000000000000000000000000000000000000000000000000000000000000000000000000000000000000000000000000000000000000000000000000000000000000000000000000000000000000000000000000000000000000000000000000000000000000000000000000000000000000000000000000000000000000000000000000000000000000000000000000000000000000000000000000000000000000000000000000000000000000000","status":"0x1","to":"0x23a14e97a59779165bf83310a712b84f101c9140","transactionHash":"0xeb80b552e9016f70fc38ad0981994e99eba385246eb762073189dc20e4e9b0df","transactionIndex":"0x1","type":"0x0"}}
{"jsonrpc":"2.0","id":1,"error":{"code":-32000,"message":"nonce too low"}}
{"jsonrpc":"2.0","id":1,"error":{"code":-32602,"message":"invalid argument 0: hex string has length 0, want 64 for common.Hash"}}
{"jsonrpc":"2.0","id":1,"error":{"code":-32000,"message":"nonce too low"}}
{"jsonrpc":"2.0","id":1,"error":{"code":-32602,"message":"invalid argument 0: hex string has length 0, want 64 for common.Hash"}}
{"jsonrpc":"2.0","id":1,"error":{"code":-32000,"message":"nonce too low"}}
{"jsonrpc":"2.0","id":1,"error":{"code":-32602,"message":"invalid argument 0: hex string has length 0, want 64 for common.Hash"}}
{"jsonrpc":"2.0","id":1,"error":{"code":-32602,"message":"transaction could not be decoded: could not decode RLP components: invalid rune in input"}}
{"jsonrpc":"2.0","id":1,"error":{"code":-32602,"message":"invalid argument 0: hex string has length 0, want 64 for common.Hash"}}
{"jsonrpc":"2.0","id":1,"error":{"code":-32602,"message":"transaction could not be decoded: could not decode RLP components: invalid rune in input"}}
{"jsonrpc":"2.0","id":1,"error":{"code":-32602,"message":"invalid argument 0: hex string has length 0, want 64 for common.Hash"}}
{"jsonrpc":"2.0","id":1,"error":{"code":-32602,"message":"transaction could not be decoded: could not decode RLP components: invalid rune in input"}}
{"jsonrpc":"2.0","id":1,"error":{"code":-32602,"message":"invalid argument 0: hex string has length 0, want 64 for common.Hash"}}
{"jsonrpc":"2.0","id":1,"error":{"code":-32602,"message":"transaction could not be decoded: could not decode RLP components: invalid rune in input"}}
{"jsonrpc":"2.0","id":1,"error":{"code":-32602,"message":"invalid argument 0: hex string has length 0, want 64 for common.Hash"}}
{"jsonrpc":"2.0","id":1,"error":{"code":-32602,"message":"transaction could not be decoded: could not decode RLP components: invalid rune in input"}}
{"jsonrpc":"2.0","id":1,"error":{"code":-32602,"message":"invalid argument 0: hex string has length 0, want 64 for common.Hash"}}
{"jsonrpc":"2.0","id":1,"error":{"code":-32602,"message":"transaction could not be decoded: could not decode RLP components: invalid rune in input"}}
{"jsonrpc":"2.0","id":1,"error":{"code":-32602,"message":"invalid argument 0: hex string has length 0, want 64 for common.Hash"}}
{"jsonrpc":"2.0","id":1,"error":{"code":-32602,"message":"transaction could not be decoded: could not decode RLP components: invalid rune in input"}}
{"jsonrpc":"2.0","id":1,"error":{"code":-32602,"message":"invalid argument 0: hex string has length 0, want 64 for common.Hash"}}
{"jsonrpc":"2.0","id":1,"error":{"code":-32602,"message":"transaction could not be decoded: could not decode RLP components: invalid rune in input"}}
{"jsonrpc":"2.0","id":1,"error":{"code":-32602,"message":"invalid argument 0: hex string has length 0, want 64 for common.Hash"}}
{"jsonrpc":"2.0","id":1,"error":{"code":-32602,"message":"transaction could not be decoded: could not decode RLP components: invalid rune in input"}}
{"jsonrpc":"2.0","id":1,"error":{"code":-32602,"message":"invalid argument 0: hex string has length 0, want 64 for common.Hash"}}
{"jsonrpc":"2.0","id":1,"error":{"code":-32602,"message":"transaction could not be decoded: could not decode RLP components: invalid rune in input"}}
{"jsonrpc":"2.0","id":1,"error":{"code":-32602,"message":"invalid argument 0: hex string has length 0, want 64 for common.Hash"}}
{"jsonrpc":"2.0","id":1,"error":{"code":-32602,"message":"transaction could not be decoded: could not decode RLP components: invalid rune in input"}}
{"jsonrpc":"2.0","id":1,"error":{"code":-32602,"message":"invalid argument 0: hex string has length 0, want 64 for common.Hash"}}
{"jsonrpc":"2.0","id":1,"error":{"code":-32602,"message":"transaction could not be decoded: could not decode RLP components: invalid rune in input"}}
{"jsonrpc":"2.0","id":1,"error":{"code":-32602,"message":"invalid argument 0: hex string has length 0, want 64 for common.Hash"}}
{"jsonrpc":"2.0","id":1,"error":{"code":-32000,"message":"nonce too low"}}
{"jsonrpc":"2.0","id":1,"error":{"code":-32602,"message":"invalid argument 0: hex string has length 0, want 64 for common.Hash"}}
{"jsonrpc":"2.0","id":1,"error":{"code":-32000,"message":"nonce too low"}}
{"jsonrpc":"2.0","id":1,"error":{"code":-32602,"message":"invalid argument 0: hex string has length 0, want 64 for common.Hash"}}
{"jsonrpc":"2.0","id":1,"result":"0xd30e3d557d01f9a0380b6911c54f81e27d4b7d740d98115fa557efe39e1587ab"}
{"jsonrpc":"2.0","id":1,"result":null}
{"jsonrpc":"2.0","id":1,"error":{"code":-32000,"message":"already known"}}
{"jsonrpc":"2.0","id":1,"result":null}
{"jsonrpc":"2.0","id":1,"error":{"code":-32000,"message":"already known"}}
{"jsonrpc":"2.0","id":1,"result":null}
{"jsonrpc":"2.0","id":1,"error":{"code":-32000,"message":"already known"}}
{"jsonrpc":"2.0","id":1,"result":null}
{"jsonrpc":"2.0","id":1,"error":{"code":-32000,"message":"already known"}}
{"jsonrpc":"2.0","id":1,"result":null}
{"jsonrpc":"2.0","id":1,"error":{"code":-32000,"message":"already known"}}
{"jsonrpc":"2.0","id":1,"result":null}
{"jsonrpc":"2.0","id":1,"error":{"code":-32000,"message":"already known"}}
{"jsonrpc":"2.0","id":1,"result":null}
{"jsonrpc":"2.0","id":1,"error":{"code":-32000,"message":"replacement transaction underpriced"}}
{"jsonrpc":"2.0","id":1,"result":null}
{"jsonrpc":"2.0","id":1,"result":"0xe039e335a03ed5424556afbf956b577c72d225e690ec41112463f760d3bd4092"}
{"jsonrpc":"2.0","id":1,"result":null}
{"jsonrpc":"2.0","id":1,"result":"0x1a41f894ef45046c1d13a8217bae30e2588791fe55fea82ec6a0bd9a582a4ab8"}
{"jsonrpc":"2.0","id":1,"result":null}
{"jsonrpc":"2.0","id":1,"error":{"code":-32000,"message":"already known"}}
{"jsonrpc":"2.0","id":1,"result":null}

{"jsonrpc":"2.0","id":1,"result":null}
{"jsonrpc":"2.0","id":1,"error":{"code":-32000,"message":"already known"}}
{"jsonrpc":"2.0","id":1,"result":null}
{"jsonrpc":"2.0","id":1,"error":{"code":-32000,"message":"already known"}}
{"jsonrpc":"2.0","id":1,"result":null}
{"jsonrpc":"2.0","id":1,"error":{"code":-32000,"message":"already known"}}
{"jsonrpc":"2.0","id":1,"result":null}
{"jsonrpc":"2.0","id":1,"error":{"code":-32000,"message":"already known"}}
{"jsonrpc":"2.0","id":1,"result":null}
{"jsonrpc":"2.0","id":1,"error":{"code":-32000,"message":"already known"}}
{"jsonrpc":"2.0","id":1,"result":null}
{"jsonrpc":"2.0","id":1,"error":{"code":-32000,"message":"already known"}}
{"jsonrpc":"2.0","id":1,"result":null}
{"jsonrpc":"2.0","id":1,"error":{"code":-32000,"message":"already known"}}
{"jsonrpc":"2.0","id":1,"result":null}
{"jsonrpc":"2.0","id":1,"error":{"code":-32000,"message":"already known"}}
{"jsonrpc":"2.0","id":1,"result":null}
{"jsonrpc":"2.0","id":1,"result":"0xdf4f4421fc0691995bafb0b88129ada30741feeb98c68339735c44c4a2d735e9"}
{"jsonrpc":"2.0","id":1,"result":null}

{"jsonrpc":"2.0","id":1,"error":{"code":-32000,"message":"already known"}}
{"jsonrpc":"2.0","id":1,"result":null}
{"jsonrpc":"2.0","id":1,"error":{"code":-32000,"message":"already known"}}
{"jsonrpc":"2.0","id":1,"result":null}
{"jsonrpc":"2.0","id":1,"error":{"code":-32000,"message":"already known"}}
{"jsonrpc":"2.0","id":1,"result":null}
{"jsonrpc":"2.0","id":1,"error":{"code":-32000,"message":"insufficient funds for gas * price + value"}}
{"jsonrpc":"2.0","id":1,"result":null}
{"jsonrpc":"2.0","id":1,"error":{"code":-32000,"message":"insufficient funds for gas * price + value"}}
{"jsonrpc":"2.0","id":1,"result":null}
{"jsonrpc":"2.0","id":1,"error":{"code":-32000,"message":"insufficient funds for gas * price + value"}}
{"jsonrpc":"2.0","id":1,"result":null}
{"jsonrpc":"2.0","id":1,"error":{"code":-32000,"message":"insufficient funds for gas * price + value"}}
{"jsonrpc":"2.0","id":1,"result":null}
{"jsonrpc":"2.0","id":1,"error":{"code":-32000,"message":"insufficient funds for gas * price + value"}}
{"jsonrpc":"2.0","id":1,"result":null}
{"jsonrpc":"2.0","id":1,"error":{"code":-32000,"message":"insufficient funds for gas * price + value"}}
{"jsonrpc":"2.0","id":1,"result":null}
{"jsonrpc":"2.0","id":1,"error":{"code":-32000,"message":"insufficient funds for gas * price + value"}}
{"jsonrpc":"2.0","id":1,"result":null}
{"jsonrpc":"2.0","id":1,"error":{"code":-32000,"message":"insufficient funds for gas * price + value"}}
{"jsonrpc":"2.0","id":1,"result":null}
{"jsonrpc":"2.0","id":1,"error":{"code":-32000,"message":"insufficient funds for gas * price + value"}}
{"jsonrpc":"2.0","id":1,"result":null}
{"jsonrpc":"2.0","id":1,"error":{"code":-32000,"message":"insufficient funds for gas * price + value"}}
{"jsonrpc":"2.0","id":1,"result":null}
{"jsonrpc":"2.0","id":1,"result":"0x57fdfdcef87e59d11b01526dc16c44fbc0bf4d46510731604b549a8bb13b6c6c"}
{"jsonrpc":"2.0","id":1,"result":null}
{"jsonrpc":"2.0","id":1,"error":{"code":-32000,"message":"already known"}}
{"jsonrpc":"2.0","id":1,"result":null}
{"jsonrpc":"2.0","id":1,"error":{"code":-32000,"message":"already known"}}
{"jsonrpc":"2.0","id":1,"result":null}
{"jsonrpc":"2.0","id":1,"error":{"code":-32000,"message":"already known"}}
{"jsonrpc":"2.0","id":1,"result":null}
{"jsonrpc":"2.0","id":1,"error":{"code":-32000,"message":"already known"}}
{"jsonrpc":"2.0","id":1,"result":null}
{"jsonrpc":"2.0","id":1,"error":{"code":-32000,"message":"already known"}}
{"jsonrpc":"2.0","id":1,"result":null}
{"jsonrpc":"2.0","id":1,"error":{"code":-32000,"message":"already known"}}
{"jsonrpc":"2.0","id":1,"result":{"blockHash":"0x43bb2a3cf3e1b7a6599d348aedbdb3c21c8bd96ae09fa902673dc59ec7bb4394","blockNumber":"0xc3dc31","contractAddress":null,"cumulativeGasUsed":"0x19ec9","effectiveGasPrice":"0xd09dc30e","from":"0x02cc64973a38a82a446a9c4bf3c68c126ecf764d","gasUsed":"0x5260","logs":[],"logsBloom":"0x00000000000000000000000000000000000000000000000000000000000000000000000000000000000000000000000000000000000000000000000000000000000000000000000000000000000000000000000000000000000000000000000000000000000000000000000000000000000000000000000000000000000000000000000000000000000000000000000000000000000000000000000000000000000000000000000000000000000000000000000000000000000000000000000000000000000000000000000000000000000000000000000000000000000000000000000000000000000000000000000000000000000000000000000000000000","status":"0x1","to":"0x23a14e97a59779165bf83310a712b84f101c9140","transactionHash":"0xeb80b552e9016f70fc38ad0981994e99eba385246eb762073189dc20e4e9b0df","transactionIndex":"0x1","type":"0x0"}}
{"jsonrpc":"2.0","id":1,"error":{"code":-32000,"message":"replacement transaction underpriced"}}
{"jsonrpc":"2.0","id":1,"result":{"blockHash":"0x43bb2a3cf3e1b7a6599d348aedbdb3c21c8bd96ae09fa902673dc59ec7bb4394","blockNumber":"0xc3dc31","contractAddress":null,"cumulativeGasUsed":"0x19ec9","effectiveGasPrice":"0xd09dc30e","from":"0x02cc64973a38a82a446a9c4bf3c68c126ecf764d","gasUsed":"0x5260","logs":[],"logsBloom":"0x00000000000000000000000000000000000000000000000000000000000000000000000000000000000000000000000000000000000000000000000000000000000000000000000000000000000000000000000000000000000000000000000000000000000000000000000000000000000000000000000000000000000000000000000000000000000000000000000000000000000000000000000000000000000000000000000000000000000000000000000000000000000000000000000000000000000000000000000000000000000000000000000000000000000000000000000000000000000000000000000000000000000000000000000000000000","status":"0x1","to":"0x23a14e97a59779165bf83310a712b84f101c9140","transactionHash":"0xeb80b552e9016f70fc38ad0981994e99eba385246eb762073189dc20e4e9b0df","transactionIndex":"0x1","type":"0x0"}}
{"jsonrpc":"2.0","error":{"code":-32600,"message":"invalid json request"}}
{"jsonrpc":"2.0","id":1,"result":{"blockHash":"0x43bb2a3cf3e1b7a6599d348aedbdb3c21c8bd96ae09fa902673dc59ec7bb4394","blockNumber":"0xc3dc31","contractAddress":null,"cumulativeGasUsed":"0x19ec9","effectiveGasPrice":"0xd09dc30e","from":"0x02cc64973a38a82a446a9c4bf3c68c126ecf764d","gasUsed":"0x5260","logs":[],"logsBloom":"0x00000000000000000000000000000000000000000000000000000000000000000000000000000000000000000000000000000000000000000000000000000000000000000000000000000000000000000000000000000000000000000000000000000000000000000000000000000000000000000000000000000000000000000000000000000000000000000000000000000000000000000000000000000000000000000000000000000000000000000000000000000000000000000000000000000000000000000000000000000000000000000000000000000000000000000000000000000000000000000000000000000000000000000000000000000000","status":"0x1","to":"0x23a14e97a59779165bf83310a712b84f101c9140","transactionHash":"0xeb80b552e9016f70fc38ad0981994e99eba385246eb762073189dc20e4e9b0df","transactionIndex":"0x1","type":"0x0"}}
{"jsonrpc":"2.0","error":{"code":-32600,"message":"invalid json request"}}
{"jsonrpc":"2.0","id":1,"result":{"blockHash":"0x43bb2a3cf3e1b7a6599d348aedbdb3c21c8bd96ae09fa902673dc59ec7bb4394","blockNumber":"0xc3dc31","contractAddress":null,"cumulativeGasUsed":"0x19ec9","effectiveGasPrice":"0xd09dc30e","from":"0x02cc64973a38a82a446a9c4bf3c68c126ecf764d","gasUsed":"0x5260","logs":[],"logsBloom":"0x00000000000000000000000000000000000000000000000000000000000000000000000000000000000000000000000000000000000000000000000000000000000000000000000000000000000000000000000000000000000000000000000000000000000000000000000000000000000000000000000000000000000000000000000000000000000000000000000000000000000000000000000000000000000000000000000000000000000000000000000000000000000000000000000000000000000000000000000000000000000000000000000000000000000000000000000000000000000000000000000000000000000000000000000000000000","status":"0x1","to":"0x23a14e97a59779165bf83310a712b84f101c9140","transactionHash":"0xeb80b552e9016f70fc38ad0981994e99eba385246eb762073189dc20e4e9b0df","transactionIndex":"0x1","type":"0x0"}}
{"jsonrpc":"2.0","error":{"code":-32600,"message":"invalid json request"}}
{"jsonrpc":"2.0","id":1,"result":{"blockHash":"0x43bb2a3cf3e1b7a6599d348aedbdb3c21c8bd96ae09fa902673dc59ec7bb4394","blockNumber":"0xc3dc31","contractAddress":null,"cumulativeGasUsed":"0x19ec9","effectiveGasPrice":"0xd09dc30e","from":"0x02cc64973a38a82a446a9c4bf3c68c126ecf764d","gasUsed":"0x5260","logs":[],"logsBloom":"0x00000000000000000000000000000000000000000000000000000000000000000000000000000000000000000000000000000000000000000000000000000000000000000000000000000000000000000000000000000000000000000000000000000000000000000000000000000000000000000000000000000000000000000000000000000000000000000000000000000000000000000000000000000000000000000000000000000000000000000000000000000000000000000000000000000000000000000000000000000000000000000000000000000000000000000000000000000000000000000000000000000000000000000000000000000000","status":"0x1","to":"0x23a14e97a59779165bf83310a712b84f101c9140","transactionHash":"0xeb80b552e9016f70fc38ad0981994e99eba385246eb762073189dc20e4e9b0df","transactionIndex":"0x1","type":"0x0"}}
{"jsonrpc":"2.0","error":{"code":-32600,"message":"invalid json request"}}
{"jsonrpc":"2.0","id":1,"result":{"blockHash":"0x43bb2a3cf3e1b7a6599d348aedbdb3c21c8bd96ae09fa902673dc59ec7bb4394","blockNumber":"0xc3dc31","contractAddress":null,"cumulativeGasUsed":"0x19ec9","effectiveGasPrice":"0xd09dc30e","from":"0x02cc64973a38a82a446a9c4bf3c68c126ecf764d","gasUsed":"0x5260","logs":[],"logsBloom":"0x00000000000000000000000000000000000000000000000000000000000000000000000000000000000000000000000000000000000000000000000000000000000000000000000000000000000000000000000000000000000000000000000000000000000000000000000000000000000000000000000000000000000000000000000000000000000000000000000000000000000000000000000000000000000000000000000000000000000000000000000000000000000000000000000000000000000000000000000000000000000000000000000000000000000000000000000000000000000000000000000000000000000000000000000000000000","status":"0x1","to":"0x23a14e97a59779165bf83310a712b84f101c9140","transactionHash":"0xeb80b552e9016f70fc38ad0981994e99eba385246eb762073189dc20e4e9b0df","transactionIndex":"0x1","type":"0x0"}}
{"jsonrpc":"2.0","error":{"code":-32600,"message":"invalid json request"}}
{"jsonrpc":"2.0","id":1,"result":{"blockHash":"0x43bb2a3cf3e1b7a6599d348aedbdb3c21c8bd96ae09fa902673dc59ec7bb4394","blockNumber":"0xc3dc31","contractAddress":null,"cumulativeGasUsed":"0x19ec9","effectiveGasPrice":"0xd09dc30e","from":"0x02cc64973a38a82a446a9c4bf3c68c126ecf764d","gasUsed":"0x5260","logs":[],"logsBloom":"0x00000000000000000000000000000000000000000000000000000000000000000000000000000000000000000000000000000000000000000000000000000000000000000000000000000000000000000000000000000000000000000000000000000000000000000000000000000000000000000000000000000000000000000000000000000000000000000000000000000000000000000000000000000000000000000000000000000000000000000000000000000000000000000000000000000000000000000000000000000000000000000000000000000000000000000000000000000000000000000000000000000000000000000000000000000000","status":"0x1","to":"0x23a14e97a59779165bf83310a712b84f101c9140","transactionHash":"0xeb80b552e9016f70fc38ad0981994e99eba385246eb762073189dc20e4e9b0df","transactionIndex":"0x1","type":"0x0"}}
{"jsonrpc":"2.0","error":{"code":-32600,"message":"invalid json request"}}
{"jsonrpc":"2.0","id":1,"result":{"blockHash":"0x43bb2a3cf3e1b7a6599d348aedbdb3c21c8bd96ae09fa902673dc59ec7bb4394","blockNumber":"0xc3dc31","contractAddress":null,"cumulativeGasUsed":"0x19ec9","effectiveGasPrice":"0xd09dc30e","from":"0x02cc64973a38a82a446a9c4bf3c68c126ecf764d","gasUsed":"0x5260","logs":[],"logsBloom":"0x00000000000000000000000000000000000000000000000000000000000000000000000000000000000000000000000000000000000000000000000000000000000000000000000000000000000000000000000000000000000000000000000000000000000000000000000000000000000000000000000000000000000000000000000000000000000000000000000000000000000000000000000000000000000000000000000000000000000000000000000000000000000000000000000000000000000000000000000000000000000000000000000000000000000000000000000000000000000000000000000000000000000000000000000000000000","status":"0x1","to":"0x23a14e97a59779165bf83310a712b84f101c9140","transactionHash":"0xeb80b552e9016f70fc38ad0981994e99eba385246eb762073189dc20e4e9b0df","transactionIndex":"0x1","type":"0x0"}}
{"jsonrpc":"2.0","error":{"code":-32600,"message":"invalid json request"}}
{"jsonrpc":"2.0","id":1,"result":null}
{"jsonrpc":"2.0","error":{"code":-32600,"message":"invalid json request"}}
{"jsonrpc":"2.0","id":1,"result":null}
{"jsonrpc":"2.0","id":1,"error":{"code":-32000,"message":"replacement transaction underpriced"}}
{"jsonrpc":"2.0","id":1,"result":null}
{"jsonrpc":"2.0","id":1,"error":{"code":-32000,"message":"replacement transaction underpriced"}}
{"jsonrpc":"2.0","id":1,"result":null}
{"jsonrpc":"2.0","id":1,"error":{"code":-32000,"message":"replacement transaction underpriced"}}
{"jsonrpc":"2.0","id":1,"result":null}
{"jsonrpc":"2.0","id":1,"error":{"code":-32000,"message":"replacement transaction underpriced"}}
{"jsonrpc":"2.0","id":1,"result":null}
{"jsonrpc":"2.0","id":1,"error":{"code":-32000,"message":"replacement transaction underpriced"}}
{"jsonrpc":"2.0","id":1,"result":null}
{"jsonrpc":"2.0","id":1,"error":{"code":-32000,"message":"replacement transaction underpriced"}}
{"jsonrpc":"2.0","id":1,"result":null}
{"jsonrpc":"2.0","id":1,"result":"0x62d442a0b04ed8b3ff1a12c777a411ef96ed02e81a077234bf881a0997154be7"}
{"jsonrpc":"2.0","id":1,"result":null}
{"jsonrpc":"2.0","id":1,"error":{"code":-32000,"message":"already known"}}
{"jsonrpc":"2.0","id":1,"result":null}
{"jsonrpc":"2.0","id":1,"error":{"code":-32000,"message":"already known"}}
{"jsonrpc":"2.0","id":1,"result":null}
{"jsonrpc":"2.0","id":1,"error":{"code":-32000,"message":"already known"}}
{"jsonrpc":"2.0","id":1,"result":null}
{"jsonrpc":"2.0","id":1,"error":{"code":-32000,"message":"already known"}}
{"jsonrpc":"2.0","id":1,"result":null}
{"jsonrpc":"2.0","id":1,"result":"0x5b26608dd7643e11b589e12fc462ea6fe9a4b8075388efbcf377df24d65a6eb8"}
{"jsonrpc":"2.0","id":1,"result":null}
{"jsonrpc":"2.0","id":1,"error":{"code":-32000,"message":"replacement transaction underpriced"}}
{"jsonrpc":"2.0","id":1,"result":null}
{"jsonrpc":"2.0","id":1,"error":{"code":-32000,"message":"replacement transaction underpriced"}}
{"jsonrpc":"2.0","id":1,"result":null}
{"jsonrpc":"2.0","id":1,"error":{"code":-32000,"message":"replacement transaction underpriced"}}
{"jsonrpc":"2.0","id":1,"result":null}
{"jsonrpc":"2.0","id":1,"result":"0x9429030bf6b34a7ab82fa0208fa16bfdefb891d385aaa91173ab6589a1e94d1e"}
{"jsonrpc":"2.0","id":1,"result":null}
{"jsonrpc":"2.0","id":1,"result":"0x907f215b2da463092eafdf7ce5c6e4b894c6c78b140ec5847ac9073c3c01ea0c"}
{"jsonrpc":"2.0","id":1,"result":null}
{"jsonrpc":"2.0","id":1,"error":{"code":-32000,"message":"already known"}}
{"jsonrpc":"2.0","id":1,"result":null}
{"jsonrpc":"2.0","id":1,"error":{"code":-32000,"message":"already known"}}
{"jsonrpc":"2.0","id":1,"result":null}
{"jsonrpc":"2.0","id":1,"error":{"code":-32000,"message":"already known"}}
{"jsonrpc":"2.0","id":1,"result":null}
{"jsonrpc":"2.0","id":1,"error":{"code":-32000,"message":"already known"}}
{"jsonrpc":"2.0","id":1,"result":null}
{"jsonrpc":"2.0","id":1,"error":{"code":-32000,"message":"already known"}}
{"jsonrpc":"2.0","id":1,"result":null}
{"jsonrpc":"2.0","id":1,"error":{"code":-32000,"message":"already known"}}
{"jsonrpc":"2.0","id":1,"result":null}
{"jsonrpc":"2.0","id":1,"error":{"code":-32000,"message":"already known"}}
{"jsonrpc":"2.0","id":1,"result":null}
{"jsonrpc":"2.0","id":1,"error":{"code":-32000,"message":"already known"}}
{"jsonrpc":"2.0","id":1,"result":null}
{"jsonrpc":"2.0","id":1,"error":{"code":-32000,"message":"already known"}}
{"jsonrpc":"2.0","id":1,"result":null}
{"jsonrpc":"2.0","id":1,"error":{"code":-32000,"message":"already known"}}
{"jsonrpc":"2.0","id":1,"result":null}
{"jsonrpc":"2.0","id":1,"error":{"code":-32000,"message":"already known"}}
{"jsonrpc":"2.0","id":1,"result":null}
{"jsonrpc":"2.0","id":1,"error":{"code":-32000,"message":"already known"}}
{"jsonrpc":"2.0","id":1,"result":null}
{"jsonrpc":"2.0","id":1,"error":{"code":-32000,"message":"already known"}}
{"jsonrpc":"2.0","id":1,"result":null}
{"jsonrpc":"2.0","id":1,"error":{"code":-32000,"message":"already known"}}
{"jsonrpc":"2.0","id":1,"result":null}
{"jsonrpc":"2.0","id":1,"error":{"code":-32000,"message":"already known"}}
{"jsonrpc":"2.0","id":1,"result":null}
{"jsonrpc":"2.0","id":1,"error":{"code":-32000,"message":"already known"}}
{"jsonrpc":"2.0","id":1,"result":null}
{"jsonrpc":"2.0","id":1,"error":{"code":-32000,"message":"already known"}}
{"jsonrpc":"2.0","id":1,"result":null}
{"jsonrpc":"2.0","id":1,"error":{"code":-32000,"message":"already known"}}
{"jsonrpc":"2.0","id":1,"result":null}
{"jsonrpc":"2.0","id":1,"error":{"code":-32000,"message":"already known"}}
{"jsonrpc":"2.0","id":1,"result":null}
{"jsonrpc":"2.0","id":1,"error":{"code":-32000,"message":"already known"}}
{"jsonrpc":"2.0","id":1,"result":null}
{"jsonrpc":"2.0","id":1,"error":{"code":-32000,"message":"already known"}}
{"jsonrpc":"2.0","id":1,"result":null}
{"jsonrpc":"2.0","id":1,"error":{"code":-32000,"message":"already known"}}
{"jsonrpc":"2.0","id":1,"result":null}
{"jsonrpc":"2.0","id":1,"error":{"code":-32000,"message":"already known"}}
{"jsonrpc":"2.0","id":1,"result":null}
{"jsonrpc":"2.0","id":1,"error":{"code":-32000,"message":"already known"}}
{"jsonrpc":"2.0","id":1,"result":null}
{"jsonrpc":"2.0","id":1,"error":{"code":-32000,"message":"already known"}}
{"jsonrpc":"2.0","id":1,"result":null}
{"jsonrpc":"2.0","id":1,"error":{"code":-32000,"message":"already known"}}
{"jsonrpc":"2.0","id":1,"result":null}
{"jsonrpc":"2.0","id":1,"error":{"code":-32000,"message":"already known"}}
{"jsonrpc":"2.0","id":1,"result":null}
{"jsonrpc":"2.0","id":1,"error":{"code":-32000,"message":"already known"}}
{"jsonrpc":"2.0","id":1,"result":null}
{"jsonrpc":"2.0","id":1,"error":{"code":-32000,"message":"already known"}}
{"jsonrpc":"2.0","id":1,"result":null}
{"jsonrpc":"2.0","id":1,"error":{"code":-32000,"message":"already known"}}
{"jsonrpc":"2.0","id":1,"result":null}
{"jsonrpc":"2.0","id":1,"error":{"code":-32000,"message":"already known"}}
{"jsonrpc":"2.0","id":1,"result":null}
{"jsonrpc":"2.0","id":1,"error":{"code":-32000,"message":"already known"}}
{"jsonrpc":"2.0","id":1,"result":null}
{"jsonrpc":"2.0","id":1,"error":{"code":-32000,"message":"already known"}}
{"jsonrpc":"2.0","id":1,"result":null}
{"jsonrpc":"2.0","id":1,"error":{"code":-32000,"message":"already known"}}
{"jsonrpc":"2.0","id":1,"result":null}
{"jsonrpc":"2.0","id":1,"error":{"code":-32000,"message":"already known"}}
{"jsonrpc":"2.0","id":1,"result":null}
{"jsonrpc":"2.0","id":1,"error":{"code":-32000,"message":"already known"}}
{"jsonrpc":"2.0","id":1,"result":null}
{"jsonrpc":"2.0","id":1,"error":{"code":-32000,"message":"already known"}}
{"jsonrpc":"2.0","id":1,"result":null}
{"jsonrpc":"2.0","id":1,"error":{"code":-32000,"message":"already known"}}
{"jsonrpc":"2.0","id":1,"result":null}
{"jsonrpc":"2.0","id":1,"error":{"code":-32000,"message":"already known"}}
{"jsonrpc":"2.0","id":1,"result":null}
{"jsonrpc":"2.0","id":1,"error":{"code":-32000,"message":"already known"}}
{"jsonrpc":"2.0","id":1,"result":null}
{"jsonrpc":"2.0","id":1,"error":{"code":-32000,"message":"already known"}}
{"jsonrpc":"2.0","id":1,"result":null}
{"jsonrpc":"2.0","id":1,"error":{"code":-32000,"message":"already known"}}
{"jsonrpc":"2.0","id":1,"result":null}
{"jsonrpc":"2.0","id":1,"error":{"code":-32000,"message":"already known"}}
{"jsonrpc":"2.0","id":1,"result":null}
{"jsonrpc":"2.0","id":1,"error":{"code":-32000,"message":"already known"}}
{"jsonrpc":"2.0","id":1,"result":null}
{"jsonrpc":"2.0","id":1,"error":{"code":-32000,"message":"already known"}}
{"jsonrpc":"2.0","id":1,"result":null}
{"jsonrpc":"2.0","id":1,"error":{"code":-32000,"message":"already known"}}
{"jsonrpc":"2.0","id":1,"result":null}
{"jsonrpc":"2.0","id":1,"error":{"code":-32000,"message":"already known"}}
{"jsonrpc":"2.0","id":1,"result":null}
{"jsonrpc":"2.0","id":1,"error":{"code":-32000,"message":"already known"}}
{"jsonrpc":"2.0","id":1,"result":null}
{"jsonrpc":"2.0","id":1,"error":{"code":-32000,"message":"already known"}}
{"jsonrpc":"2.0","id":1,"result":null}
{"jsonrpc":"2.0","id":1,"error":{"code":-32000,"message":"already known"}}
{"jsonrpc":"2.0","id":1,"result":null}
{"jsonrpc":"2.0","id":1,"error":{"code":-32000,"message":"already known"}}
{"jsonrpc":"2.0","id":1,"result":null}
{"jsonrpc":"2.0","id":1,"error":{"code":-32000,"message":"already known"}}
{"jsonrpc":"2.0","id":1,"result":null}
{"jsonrpc":"2.0","id":1,"error":{"code":-32000,"message":"already known"}}
{"jsonrpc":"2.0","id":1,"result":null}
{"jsonrpc":"2.0","id":1,"error":{"code":-32000,"message":"already known"}}
{"jsonrpc":"2.0","id":1,"result":null}
{"jsonrpc":"2.0","id":1,"error":{"code":-32000,"message":"already known"}}
{"jsonrpc":"2.0","id":1,"result":null}
{"jsonrpc":"2.0","id":1,"error":{"code":-32000,"message":"already known"}}
{"jsonrpc":"2.0","id":1,"result":null}
{"jsonrpc":"2.0","id":1,"error":{"code":-32000,"message":"already known"}}
{"jsonrpc":"2.0","id":1,"result":null}
{"jsonrpc":"2.0","id":1,"error":{"code":-32000,"message":"already known"}}
{"jsonrpc":"2.0","id":1,"result":null}
{"jsonrpc":"2.0","id":1,"error":{"code":-32000,"message":"already known"}}
{"jsonrpc":"2.0","id":1,"result":null}
{"jsonrpc":"2.0","id":1,"error":{"code":-32000,"message":"already known"}}
{"jsonrpc":"2.0","id":1,"result":null}
{"jsonrpc":"2.0","id":1,"error":{"code":-32000,"message":"already known"}}
{"jsonrpc":"2.0","id":1,"result":null}
{"jsonrpc":"2.0","id":1,"error":{"code":-32000,"message":"already known"}}
{"jsonrpc":"2.0","id":1,"result":null}
{"jsonrpc":"2.0","id":1,"error":{"code":-32000,"message":"already known"}}
{"jsonrpc":"2.0","id":1,"result":null}
{"jsonrpc":"2.0","id":1,"error":{"code":-32000,"message":"already known"}}
{"jsonrpc":"2.0","id":1,"result":null}
{"jsonrpc":"2.0","id":1,"error":{"code":-32000,"message":"already known"}}
{"jsonrpc":"2.0","id":1,"result":null}
{"jsonrpc":"2.0","id":1,"error":{"code":-32000,"message":"already known"}}
{"jsonrpc":"2.0","id":1,"result":null}
{"jsonrpc":"2.0","id":1,"error":{"code":-32000,"message":"already known"}}
{"jsonrpc":"2.0","id":1,"result":null}
{"jsonrpc":"2.0","id":1,"error":{"code":-32000,"message":"already known"}}
{"jsonrpc":"2.0","id":1,"result":null}
