string(406) "sHex: 6080604052348015600f57600080fd5b5060043610604e577c010000000000000000000000000000000000000000000000000000000060003504632e64cec1811460535780636057361d146068575b600080fd5b60005460405190815260200160405180910390f35b60786073366004607a565b600055565b005b600060208284031215608b57600080fd5b503591905056fea26469706673582212201f5079272a652f3915d1954e6adc6a1bae369c89c6d28a1c2fad94eb819d11fc64736f6c634300080d0033"
string(605) "aHex: 60 80 60 40 52 34 80 15 60 0f 57 60 00 80 fd 5b 50 60 04 36 10 60 4e 57 7c 01 00 00 00 00 00 00 00 00 00 00 00 00 00 00 00 00 00 00 00 00 00 00 00 00 00 00 00 00 60 00 35 04 63 2e 64 ce c1 81 14 60 53 57 80 63 60 57 36 1d 14 60 68 57 5b 60 00 80 fd 5b 60 00 54 60 40 51 90 81 52 60 20 01 60 40 51 80 91 03 90 f3 5b 60 78 60 73 36 60 04 60 7a 56 5b 60 00 55 56 5b 00 5b 60 00 60 20 82 84 03 12 15 60 8b 57 60 00 80 fd 5b 50 35 91 90 50 56 fe a2 64 69 70 66 73 58 22 12 20 1f 50 79 27 2a 65 2f 39 15 d1 95 4e 6a dc 6a 1b ae 36 9c 89 c6 d2 8a 1c 2f ad 94 eb 81 9d 11 fc 64 73 6f 6c 63 43 00 08 0d 00 33"





------------------------------------------------------------------------------
0000000000 	 [ 60 -> 96 ] 	 0x60 	 PUSH1(80)(128) 
Stack::0x0000000000000000000000000000000000000000000000000000000000000080
0000000002 	 [ 60 -> 96 ] 	 0x60 	 PUSH1(40)(64) 
Stack::0x0000000000000000000000000000000000000000000000000000000000000040::0x0000000000000000000000000000000000000000000000000000000000000080
0000000004 	 [ 52 -> 82 ] 	 0x52 	 MSTORE()() 
 Stack::0x0000000000000000000000000000000000000000000000000000000000000040::0x0000000000000000000000000000000000000000000000000000000000000080
sHexDec::64 128
Memory::0::0::0::0::0::0::0::0::0::0::0::0::0::0::0::0::0::0::0::0::0::0::0::0::0::0::0::0::0::0::0::0::0::0::0::0::0::0::0::0::0::0::0::0::0::0::0::0::0::0::0::0::0::0::0::0::0::0::0::0::0::0::0::0::80
0000000005 	 [ 34 -> 52 ] 	 0x34 	 CALLVALUE()() 
 Stack::
State::60::57::36::1d::00::00::00::00::00::00::00::00::00::00::00::00::00::00::00::00::00::00::00::00::00::00::00::00::00::00::00::42

0000000006 	 [ 80 -> 128 ] 	 0x80 	 DUP1()() 
Stack::0x0000000000000000000000000000000000000000000000000000000000000010::0x0000000000000000000000000000000000000000000000000000000000000010
0000000007 	 [ 15 -> 21 ] 	 0x15 	 ISZERO()() 
Stack::0x0000000000000000000000000000000000000000000000000000000000000000::0x0000000000000000000000000000000000000000000000000000000000000010
0000000008 	 [ 60 -> 96 ] 	 0x60 	 PUSH1(0f)(15) 
Stack::0x000000000000000000000000000000000000000000000000000000000000000f::0x0000000000000000000000000000000000000000000000000000000000000000::0x0000000000000000000000000000000000000000000000000000000000000010
0000000010 	 [ 57 -> 87 ] 	 0x57 	 JUMPI()() 
 Stack::0x000000000000000000000000000000000000000000000000000000000000000f::0x0000000000000000000000000000000000000000000000000000000000000000::0x0000000000000000000000000000000000000000000000000000000000000010
State::60::57::36::1d::00::00::00::00::00::00::00::00::00::00::00::00::00::00::00::00::00::00::00::00::00::00::00::00::00::00::00::42

0000000011 	 [ 60 -> 96 ] 	 0x60 	 PUSH1(00)(0) 
Stack::0x0000000000000000000000000000000000000000000000000000000000000000::0x0000000000000000000000000000000000000000000000000000000000000010
0000000013 	 [ 80 -> 128 ] 	 0x80 	 DUP1()() 
Stack::0x0000000000000000000000000000000000000000000000000000000000000000::0x0000000000000000000000000000000000000000000000000000000000000000::0x0000000000000000000000000000000000000000000000000000000000000010
0000000014 	 [ fd -> 253 ] 	 0xfd 	 REVERT()() 
 Stack::0x0000000000000000000000000000000000000000000000000000000000000000::0x0000000000000000000000000000000000000000000000000000000000000000::0x0000000000000000000000000000000000000000000000000000000000000010
0000000015 	 [ 5b -> 91 ] 	 0x5b 	 JUMPDEST()() 
 Stack::0x0000000000000000000000000000000000000000000000000000000000000000::0x0000000000000000000000000000000000000000000000000000000000000000::0x0000000000000000000000000000000000000000000000000000000000000010
0000000016 	 [ 50 -> 80 ] 	 0x50 	 POP()() 
Stack::0x0000000000000000000000000000000000000000000000000000000000000000::0x0000000000000000000000000000000000000000000000000000000000000000
0000000017 	 [ 60 -> 96 ] 	 0x60 	 PUSH1(04)(4) 
Stack::0x0000000000000000000000000000000000000000000000000000000000000004::0x0000000000000000000000000000000000000000000000000000000000000000::0x0000000000000000000000000000000000000000000000000000000000000000
0000000019 	 [ 36 -> 54 ] 	 0x36 	 CALLDATASIZE()() 
 Stack::0x0000000000000000000000000000000000000000000000000000000000000004::0x0000000000000000000000000000000000000000000000000000000000000000::0x0000000000000000000000000000000000000000000000000000000000000000
State::60::57::36::1d::00::00::00::00::00::00::00::00::00::00::00::00::00::00::00::00::00::00::00::00::00::00::00::00::00::00::00::42

0000000020 	 [ 10 -> 16 ] 	 0x10 	 LT()() 
Stack::0x0000000000000000000000000000000000000000000000000000000000000000::0x0000000000000000000000000000000000000000000000000000000000000000::0x0000000000000000000000000000000000000000000000000000000000000000
0000000021 	 [ 60 -> 96 ] 	 0x60 	 PUSH1(4e)(78) 
Stack::0x000000000000000000000000000000000000000000000000000000000000004e::0x0000000000000000000000000000000000000000000000000000000000000000::0x0000000000000000000000000000000000000000000000000000000000000000::0x0000000000000000000000000000000000000000000000000000000000000000
0000000023 	 [ 57 -> 87 ] 	 0x57 	 JUMPI()() 
 Stack::0x000000000000000000000000000000000000000000000000000000000000004e::0x0000000000000000000000000000000000000000000000000000000000000000::0x0000000000000000000000000000000000000000000000000000000000000000::0x0000000000000000000000000000000000000000000000000000000000000000
State::60::57::36::1d::00::00::00::00::00::00::00::00::00::00::00::00::00::00::00::00::00::00::00::00::00::00::00::00::00::00::00::42

0000000024 	 [ 7c -> 124 ] 	 0x7c 	 PUSH29(01,00,00,00,00,00,00,00,00,00,00,00,00,00,00,00,00,00,00,00,00,00,00,00,00,00,00,00,00)(1,0,0,0,0,0,0,0,0,0,0,0,0,0,0,0,0,0,0,0,0,0,0,0,0,0,0,0,0) 
Stack::0x0000000100000000000000000000000000000000000000000000000000000000::0x0000000000000000000000000000000000000000000000000000000000000000::0x0000000000000000000000000000000000000000000000000000000000000000
0000000054 	 [ 60 -> 96 ] 	 0x60 	 PUSH1(00)(0) 
Stack::0x0000000000000000000000000000000000000000000000000000000000000000::0x0000000100000000000000000000000000000000000000000000000000000000::0x0000000000000000000000000000000000000000000000000000000000000000::0x0000000000000000000000000000000000000000000000000000000000000000
0000000056 	 [ 35 -> 53 ] 	 0x35 	 CALLDATALOAD()() 
 Stack::0x0000000000000000000000000000000000000000000000000000000000000000::0x0000000100000000000000000000000000000000000000000000000000000000::0x0000000000000000000000000000000000000000000000000000000000000000::0x0000000000000000000000000000000000000000000000000000000000000000
State::60::57::36::1d::00::00::00::00::00::00::00::00::00::00::00::00::00::00::00::00::00::00::00::00::00::00::00::00::00::00::00::42

0000000057 	 [ 04 -> 4 ] 	 0x04 	 DIV()() 
Stack::0x000000000000000000000000000000000000000000000000000000006057361d::0x0000000000000000000000000000000000000000000000000000000000000000::0x0000000000000000000000000000000000000000000000000000000000000000
0000000058 	 [ 63 -> 99 ] 	 0x63 	 PUSH4(2e,64,ce,c1)(46,100,206,193) 
Stack::0x000000000000000000000000000000000000000000000000000000002e64cec1::0x000000000000000000000000000000000000000000000000000000006057361d::0x0000000000000000000000000000000000000000000000000000000000000000::0x0000000000000000000000000000000000000000000000000000000000000000
0000000063 	 [ 81 -> 129 ] 	 0x81 	 DUP2()() 
Stack::0x000000000000000000000000000000000000000000000000000000006057361d::0x000000000000000000000000000000000000000000000000000000002e64cec1::0x000000000000000000000000000000000000000000000000000000006057361d::0x0000000000000000000000000000000000000000000000000000000000000000::0x0000000000000000000000000000000000000000000000000000000000000000
0000000064 	 [ 14 -> 20 ] 	 0x14 	 EQ()() 
Stack::0x0000000000000000000000000000000000000000000000000000000000000000::0x000000000000000000000000000000000000000000000000000000006057361d::0x0000000000000000000000000000000000000000000000000000000000000000::0x0000000000000000000000000000000000000000000000000000000000000000
0000000065 	 [ 60 -> 96 ] 	 0x60 	 PUSH1(53)(83) 
Stack::0x0000000000000000000000000000000000000000000000000000000000000053::0x0000000000000000000000000000000000000000000000000000000000000000::0x000000000000000000000000000000000000000000000000000000006057361d::0x0000000000000000000000000000000000000000000000000000000000000000::0x0000000000000000000000000000000000000000000000000000000000000000
0000000067 	 [ 57 -> 87 ] 	 0x57 	 JUMPI()() 
 Stack::0x0000000000000000000000000000000000000000000000000000000000000053::0x0000000000000000000000000000000000000000000000000000000000000000::0x000000000000000000000000000000000000000000000000000000006057361d::0x0000000000000000000000000000000000000000000000000000000000000000::0x0000000000000000000000000000000000000000000000000000000000000000
State::60::57::36::1d::00::00::00::00::00::00::00::00::00::00::00::00::00::00::00::00::00::00::00::00::00::00::00::00::00::00::00::42

0000000068 	 [ 80 -> 128 ] 	 0x80 	 DUP1()() 
Stack::0x000000000000000000000000000000000000000000000000000000006057361d::0x000000000000000000000000000000000000000000000000000000006057361d::0x0000000000000000000000000000000000000000000000000000000000000000::0x0000000000000000000000000000000000000000000000000000000000000000
0000000069 	 [ 63 -> 99 ] 	 0x63 	 PUSH4(60,57,36,1d)(96,87,54,29) 
Stack::0x000000000000000000000000000000000000000000000000000000006057361d::0x000000000000000000000000000000000000000000000000000000006057361d::0x000000000000000000000000000000000000000000000000000000006057361d::0x0000000000000000000000000000000000000000000000000000000000000000::0x0000000000000000000000000000000000000000000000000000000000000000
0000000074 	 [ 14 -> 20 ] 	 0x14 	 EQ()() 
Stack::0x0000000000000000000000000000000000000000000000000000000000000001::0x000000000000000000000000000000000000000000000000000000006057361d::0x0000000000000000000000000000000000000000000000000000000000000000::0x0000000000000000000000000000000000000000000000000000000000000000
0000000075 	 [ 60 -> 96 ] 	 0x60 	 PUSH1(68)(104) 
Stack::0x0000000000000000000000000000000000000000000000000000000000000068::0x0000000000000000000000000000000000000000000000000000000000000001::0x000000000000000000000000000000000000000000000000000000006057361d::0x0000000000000000000000000000000000000000000000000000000000000000::0x0000000000000000000000000000000000000000000000000000000000000000
0000000077 	 [ 57 -> 87 ] 	 0x57 	 JUMPI()() 
 Stack::0x0000000000000000000000000000000000000000000000000000000000000068::0x0000000000000000000000000000000000000000000000000000000000000001::0x000000000000000000000000000000000000000000000000000000006057361d::0x0000000000000000000000000000000000000000000000000000000000000000::0x0000000000000000000000000000000000000000000000000000000000000000
State::60::57::36::1d::00::00::00::00::00::00::00::00::00::00::00::00::00::00::00::00::00::00::00::00::00::00::00::00::00::00::00::42

0000000104 	 [ 5b -> 91 ] 	 0x5b 	 JUMPDEST()() 
 Stack::0x000000000000000000000000000000000000000000000000000000006057361d::0x0000000000000000000000000000000000000000000000000000000000000000::0x0000000000000000000000000000000000000000000000000000000000000000
0000000105 	 [ 60 -> 96 ] 	 0x60 	 PUSH1(78)(120) 
Stack::0x0000000000000000000000000000000000000000000000000000000000000078::0x000000000000000000000000000000000000000000000000000000006057361d::0x0000000000000000000000000000000000000000000000000000000000000000::0x0000000000000000000000000000000000000000000000000000000000000000
0000000107 	 [ 60 -> 96 ] 	 0x60 	 PUSH1(73)(115) 
Stack::0x0000000000000000000000000000000000000000000000000000000000000073::0x0000000000000000000000000000000000000000000000000000000000000078::0x000000000000000000000000000000000000000000000000000000006057361d::0x0000000000000000000000000000000000000000000000000000000000000000::0x0000000000000000000000000000000000000000000000000000000000000000
0000000109 	 [ 36 -> 54 ] 	 0x36 	 CALLDATASIZE()() 
 Stack::0x0000000000000000000000000000000000000000000000000000000000000073::0x0000000000000000000000000000000000000000000000000000000000000078::0x000000000000000000000000000000000000000000000000000000006057361d::0x0000000000000000000000000000000000000000000000000000000000000000::0x0000000000000000000000000000000000000000000000000000000000000000
State::60::57::36::1d::00::00::00::00::00::00::00::00::00::00::00::00::00::00::00::00::00::00::00::00::00::00::00::00::00::00::00::42

0000000110 	 [ 60 -> 96 ] 	 0x60 	 PUSH1(04)(4) 
Stack::0x0000000000000000000000000000000000000000000000000000000000000004::24::0x0000000000000000000000000000000000000000000000000000000000000073::0x0000000000000000000000000000000000000000000000000000000000000078::0x000000000000000000000000000000000000000000000000000000006057361d::0x0000000000000000000000000000000000000000000000000000000000000000::0x0000000000000000000000000000000000000000000000000000000000000000
0000000112 	 [ 60 -> 96 ] 	 0x60 	 PUSH1(7a)(122) 
Stack::0x000000000000000000000000000000000000000000000000000000000000007a::0x0000000000000000000000000000000000000000000000000000000000000004::24::0x0000000000000000000000000000000000000000000000000000000000000073::0x0000000000000000000000000000000000000000000000000000000000000078::0x000000000000000000000000000000000000000000000000000000006057361d::0x0000000000000000000000000000000000000000000000000000000000000000::0x0000000000000000000000000000000000000000000000000000000000000000
0000000114 	 [ 56 -> 86 ] 	 0x56 	 JUMP()() 
 Stack::0x000000000000000000000000000000000000000000000000000000000000007a::0x0000000000000000000000000000000000000000000000000000000000000004::24::0x0000000000000000000000000000000000000000000000000000000000000073::0x0000000000000000000000000000000000000000000000000000000000000078::0x000000000000000000000000000000000000000000000000000000006057361d::0x0000000000000000000000000000000000000000000000000000000000000000::0x0000000000000000000000000000000000000000000000000000000000000000
State::60::57::36::1d::00::00::00::00::00::00::00::00::00::00::00::00::00::00::00::00::00::00::00::00::00::00::00::00::00::00::00::42

0000000122 	 [ 5b -> 91 ] 	 0x5b 	 JUMPDEST()() 
 Stack::0x0000000000000000000000000000000000000000000000000000000000000004::24::0x0000000000000000000000000000000000000000000000000000000000000073::0x0000000000000000000000000000000000000000000000000000000000000078::0x000000000000000000000000000000000000000000000000000000006057361d::0x0000000000000000000000000000000000000000000000000000000000000000::0x0000000000000000000000000000000000000000000000000000000000000000
0000000123 	 [ 60 -> 96 ] 	 0x60 	 PUSH1(00)(0) 
Stack::0x0000000000000000000000000000000000000000000000000000000000000000::0x0000000000000000000000000000000000000000000000000000000000000004::24::0x0000000000000000000000000000000000000000000000000000000000000073::0x0000000000000000000000000000000000000000000000000000000000000078::0x000000000000000000000000000000000000000000000000000000006057361d::0x0000000000000000000000000000000000000000000000000000000000000000::0x0000000000000000000000000000000000000000000000000000000000000000
0000000125 	 [ 60 -> 96 ] 	 0x60 	 PUSH1(20)(32) 
Stack::0x0000000000000000000000000000000000000000000000000000000000000020::0x0000000000000000000000000000000000000000000000000000000000000000::0x0000000000000000000000000000000000000000000000000000000000000004::24::0x0000000000000000000000000000000000000000000000000000000000000073::0x0000000000000000000000000000000000000000000000000000000000000078::0x000000000000000000000000000000000000000000000000000000006057361d::0x0000000000000000000000000000000000000000000000000000000000000000::0x0000000000000000000000000000000000000000000000000000000000000000
0000000127 	 [ 82 -> 130 ] 	 0x82 	 DUP3()() 
Stack::0x0000000000000000000000000000000000000000000000000000000000000004::0x0000000000000000000000000000000000000000000000000000000000000020::0x0000000000000000000000000000000000000000000000000000000000000000::0x0000000000000000000000000000000000000000000000000000000000000004::24::0x0000000000000000000000000000000000000000000000000000000000000073::0x0000000000000000000000000000000000000000000000000000000000000078::0x000000000000000000000000000000000000000000000000000000006057361d::0x0000000000000000000000000000000000000000000000000000000000000000::0x0000000000000000000000000000000000000000000000000000000000000000
0000000128 	 [ 84 -> 132 ] 	 0x84 	 DUP5()() 
Stack::24::0x0000000000000000000000000000000000000000000000000000000000000004::0x0000000000000000000000000000000000000000000000000000000000000020::0x0000000000000000000000000000000000000000000000000000000000000000::0x0000000000000000000000000000000000000000000000000000000000000004::24::0x0000000000000000000000000000000000000000000000000000000000000073::0x0000000000000000000000000000000000000000000000000000000000000078::0x000000000000000000000000000000000000000000000000000000006057361d::0x0000000000000000000000000000000000000000000000000000000000000000::0x0000000000000000000000000000000000000000000000000000000000000000
0000000129 	 [ 03 -> 3 ] 	 0x03 	 SUB()() 
Stack::0x0000000000000000000000000000000000000000000000000000000000000014::0x0000000000000000000000000000000000000000000000000000000000000020::0x0000000000000000000000000000000000000000000000000000000000000000::0x0000000000000000000000000000000000000000000000000000000000000004::24::0x0000000000000000000000000000000000000000000000000000000000000073::0x0000000000000000000000000000000000000000000000000000000000000078::0x000000000000000000000000000000000000000000000000000000006057361d::0x0000000000000000000000000000000000000000000000000000000000000000::0x0000000000000000000000000000000000000000000000000000000000000000
0000000130 	 [ 12 -> 18 ] 	 0x12 	 SLT()() 
Stack::1::0x0000000000000000000000000000000000000000000000000000000000000000::0x0000000000000000000000000000000000000000000000000000000000000004::24::0x0000000000000000000000000000000000000000000000000000000000000073::0x0000000000000000000000000000000000000000000000000000000000000078::0x000000000000000000000000000000000000000000000000000000006057361d::0x0000000000000000000000000000000000000000000000000000000000000000::0x0000000000000000000000000000000000000000000000000000000000000000
0000000131 	 [ 15 -> 21 ] 	 0x15 	 ISZERO()() 
Stack::0x0000000000000000000000000000000000000000000000000000000000000000::0x0000000000000000000000000000000000000000000000000000000000000000::0x0000000000000000000000000000000000000000000000000000000000000004::24::0x0000000000000000000000000000000000000000000000000000000000000073::0x0000000000000000000000000000000000000000000000000000000000000078::0x000000000000000000000000000000000000000000000000000000006057361d::0x0000000000000000000000000000000000000000000000000000000000000000::0x0000000000000000000000000000000000000000000000000000000000000000
0000000132 	 [ 60 -> 96 ] 	 0x60 	 PUSH1(8b)(139) 
Stack::0x000000000000000000000000000000000000000000000000000000000000008b::0x0000000000000000000000000000000000000000000000000000000000000000::0x0000000000000000000000000000000000000000000000000000000000000000::0x0000000000000000000000000000000000000000000000000000000000000004::24::0x0000000000000000000000000000000000000000000000000000000000000073::0x0000000000000000000000000000000000000000000000000000000000000078::0x000000000000000000000000000000000000000000000000000000006057361d::0x0000000000000000000000000000000000000000000000000000000000000000::0x0000000000000000000000000000000000000000000000000000000000000000
0000000134 	 [ 57 -> 87 ] 	 0x57 	 JUMPI()() 
 Stack::0x000000000000000000000000000000000000000000000000000000000000008b::0x0000000000000000000000000000000000000000000000000000000000000000::0x0000000000000000000000000000000000000000000000000000000000000000::0x0000000000000000000000000000000000000000000000000000000000000004::24::0x0000000000000000000000000000000000000000000000000000000000000073::0x0000000000000000000000000000000000000000000000000000000000000078::0x000000000000000000000000000000000000000000000000000000006057361d::0x0000000000000000000000000000000000000000000000000000000000000000::0x0000000000000000000000000000000000000000000000000000000000000000
State::60::57::36::1d::00::00::00::00::00::00::00::00::00::00::00::00::00::00::00::00::00::00::00::00::00::00::00::00::00::00::00::42

0000000135 	 [ 60 -> 96 ] 	 0x60 	 PUSH1(00)(0) 
Stack::0x0000000000000000000000000000000000000000000000000000000000000000::0x0000000000000000000000000000000000000000000000000000000000000000::0x0000000000000000000000000000000000000000000000000000000000000004::24::0x0000000000000000000000000000000000000000000000000000000000000073::0x0000000000000000000000000000000000000000000000000000000000000078::0x000000000000000000000000000000000000000000000000000000006057361d::0x0000000000000000000000000000000000000000000000000000000000000000::0x0000000000000000000000000000000000000000000000000000000000000000
0000000137 	 [ 80 -> 128 ] 	 0x80 	 DUP1()() 
Stack::0x0000000000000000000000000000000000000000000000000000000000000000::0x0000000000000000000000000000000000000000000000000000000000000000::0x0000000000000000000000000000000000000000000000000000000000000000::0x0000000000000000000000000000000000000000000000000000000000000004::24::0x0000000000000000000000000000000000000000000000000000000000000073::0x0000000000000000000000000000000000000000000000000000000000000078::0x000000000000000000000000000000000000000000000000000000006057361d::0x0000000000000000000000000000000000000000000000000000000000000000::0x0000000000000000000000000000000000000000000000000000000000000000
0000000138 	 [ fd -> 253 ] 	 0xfd 	 REVERT()() 
 Stack::0x0000000000000000000000000000000000000000000000000000000000000000::0x0000000000000000000000000000000000000000000000000000000000000000::0x0000000000000000000000000000000000000000000000000000000000000000::0x0000000000000000000000000000000000000000000000000000000000000004::24::0x0000000000000000000000000000000000000000000000000000000000000073::0x0000000000000000000000000000000000000000000000000000000000000078::0x000000000000000000000000000000000000000000000000000000006057361d::0x0000000000000000000000000000000000000000000000000000000000000000::0x0000000000000000000000000000000000000000000000000000000000000000
0000000139 	 [ 5b -> 91 ] 	 0x5b 	 JUMPDEST()() 
 Stack::0x0000000000000000000000000000000000000000000000000000000000000000::0x0000000000000000000000000000000000000000000000000000000000000000::0x0000000000000000000000000000000000000000000000000000000000000000::0x0000000000000000000000000000000000000000000000000000000000000004::24::0x0000000000000000000000000000000000000000000000000000000000000073::0x0000000000000000000000000000000000000000000000000000000000000078::0x000000000000000000000000000000000000000000000000000000006057361d::0x0000000000000000000000000000000000000000000000000000000000000000::0x0000000000000000000000000000000000000000000000000000000000000000
0000000140 	 [ 50 -> 80 ] 	 0x50 	 POP()() 
Stack::0x0000000000000000000000000000000000000000000000000000000000000000::0x0000000000000000000000000000000000000000000000000000000000000000::0x0000000000000000000000000000000000000000000000000000000000000000::0x0000000000000000000000000000000000000000000000000000000000000004::24::0x0000000000000000000000000000000000000000000000000000000000000073::0x0000000000000000000000000000000000000000000000000000000000000078::0x000000000000000000000000000000000000000000000000000000006057361d::0x0000000000000000000000000000000000000000000000000000000000000000
0000000141 	 [ 35 -> 53 ] 	 0x35 	 CALLDATALOAD()() 
 Stack::0x0000000000000000000000000000000000000000000000000000000000000000::0x0000000000000000000000000000000000000000000000000000000000000000::0x0000000000000000000000000000000000000000000000000000000000000000::0x0000000000000000000000000000000000000000000000000000000000000004::24::0x0000000000000000000000000000000000000000000000000000000000000073::0x0000000000000000000000000000000000000000000000000000000000000078::0x000000000000000000000000000000000000000000000000000000006057361d::0x0000000000000000000000000000000000000000000000000000000000000000
State::60::57::36::1d::00::00::00::00::00::00::00::00::00::00::00::00::00::00::00::00::00::00::00::00::00::00::00::00::00::00::00::42

0000000142 	 [ 91 -> 145 ] 	 0x91 	 SWAP2()() 
Stack::0x0000000000000000000000000000000000000000000000000000000000000000::0x0000000000000000000000000000000000000000000000000000000000000000::0x6057361d00000000000000000000000000000000000000000000000000000000::0x0000000000000000000000000000000000000000000000000000000000000004::24::0x0000000000000000000000000000000000000000000000000000000000000073::0x0000000000000000000000000000000000000000000000000000000000000078::0x000000000000000000000000000000000000000000000000000000006057361d::0x0000000000000000000000000000000000000000000000000000000000000000
0000000143 	 [ 90 -> 144 ] 	 0x90 	 SWAP1()() 
Stack::0x0000000000000000000000000000000000000000000000000000000000000000::0x0000000000000000000000000000000000000000000000000000000000000000::0x6057361d00000000000000000000000000000000000000000000000000000000::0x0000000000000000000000000000000000000000000000000000000000000004::24::0x0000000000000000000000000000000000000000000000000000000000000073::0x0000000000000000000000000000000000000000000000000000000000000078::0x000000000000000000000000000000000000000000000000000000006057361d::0x0000000000000000000000000000000000000000000000000000000000000000
0000000144 	 [ 50 -> 80 ] 	 0x50 	 POP()() 
Stack::0x0000000000000000000000000000000000000000000000000000000000000000::0x0000000000000000000000000000000000000000000000000000000000000000::0x6057361d00000000000000000000000000000000000000000000000000000000::0x0000000000000000000000000000000000000000000000000000000000000004::24::0x0000000000000000000000000000000000000000000000000000000000000073::0x0000000000000000000000000000000000000000000000000000000000000078::0x000000000000000000000000000000000000000000000000000000006057361d
0000000145 	 [ 56 -> 86 ] 	 0x56 	 JUMP()() 
 Stack::0x0000000000000000000000000000000000000000000000000000000000000000::0x0000000000000000000000000000000000000000000000000000000000000000::0x6057361d00000000000000000000000000000000000000000000000000000000::0x0000000000000000000000000000000000000000000000000000000000000004::24::0x0000000000000000000000000000000000000000000000000000000000000073::0x0000000000000000000000000000000000000000000000000000000000000078::0x000000000000000000000000000000000000000000000000000000006057361d
State::60::57::36::1d::00::00::00::00::00::00::00::00::00::00::00::00::00::00::00::00::00::00::00::00::00::00::00::00::00::00::00::42





------------------------------------------------------------------------------
Memory::$aaMemory
Memory::0::0::0::0::0::0::0::0::0::0::0::0::0::0::0::0::0::0::0::0::0::0::0::0::0::0::0::0::0::0::0::0::0::0::0::0::0::0::0::0::0::0::0::0::0::0::0::0::0::0::0::0::0::0::0::0::0::0::0::0::0::0::0::0::80
Stack::$aaStack
Stack::0x0000000000000000000000000000000000000000000000000000000000000000::0x6057361d00000000000000000000000000000000000000000000000000000000::0x0000000000000000000000000000000000000000000000000000000000000004::24::0x0000000000000000000000000000000000000000000000000000000000000073::0x0000000000000000000000000000000000000000000000000000000000000078::0x000000000000000000000000000000000000000000000000000000006057361d
Storage::$aaStorage
Storage::